#
# There is insufficient memory for the Java Runtime Environment to continue.
# Native memory allocation (malloc) failed to allocate 1142752 bytes for Chunk::new
# Possible reasons:
#   The system is out of physical RAM or swap space
#   In 32 bit mode, the process size limit was hit
# Possible solutions:
#   Reduce memory load on the system
#   Increase physical memory or swap space
#   Check if swap backing store is full
#   Use 64 bit Java on a 64 bit OS
#   Decrease Java heap size (-Xmx/-Xms)
#   Decrease number of Java threads
#   Decrease Java thread stack sizes (-Xss)
#   Set larger code cache with -XX:ReservedCodeCacheSize=
# This output file may be truncated or incomplete.
#
#  Out of Memory Error (allocation.cpp:390), pid=1772, tid=0x00000000000002d0
#
# JRE version: Java(TM) SE Runtime Environment (8.0_141-b15) (build 1.8.0_141-b15)
# Java VM: Java HotSpot(TM) 64-Bit Server VM (25.141-b15 mixed mode windows-amd64 compressed oops)
# Failed to write core dump. Minidumps are not enabled by default on client versions of Windows
#

---------------  T H R E A D  ---------------

Current thread (0x00000000157f0800):  JavaThread "C2 CompilerThread1" daemon [_thread_in_native, id=720, stack(0x0000000016f40000,0x0000000017040000)]

Stack: [0x0000000016f40000,0x0000000017040000]
[error occurred during error reporting (printing stack bounds), id 0xc0000005]

Native frames: (J=compiled Java code, j=interpreted, Vv=VM code, C=native code)


Current CompileTask:
C2:   2942  691 %     4       com.sun.opengl.impl.mipmap.ScaleInternal::scale_internal_ubyte @ 380 (1604 bytes)


---------------  P R O C E S S  ---------------

Java Threads: ( => current thread )
  0x0000000017a58800 JavaThread "DestroyJavaVM" [_thread_blocked, id=4956, stack(0x0000000002160000,0x0000000002260000)]
  0x0000000017a5b800 JavaThread "D3D Screen Updater" daemon [_thread_blocked, id=8156, stack(0x000000001c850000,0x000000001c950000)]
  0x0000000017a5a000 JavaThread "AWT-EventQueue-0" [_thread_in_Java, id=6076, stack(0x000000001c110000,0x000000001c210000)]
  0x0000000017a5c800 JavaThread "Timer-0" [_thread_blocked, id=5116, stack(0x000000001af90000,0x000000001b090000)]
  0x000000001743f800 JavaThread "AWT-Windows" daemon [_thread_in_native, id=8208, stack(0x0000000018220000,0x0000000018320000)]
  0x000000001743e800 JavaThread "AWT-Shutdown" [_thread_blocked, id=7408, stack(0x0000000018120000,0x0000000018220000)]
  0x0000000017507800 JavaThread "Java2D Disposer" daemon [_thread_blocked, id=7708, stack(0x0000000018020000,0x0000000018120000)]
  0x0000000017168800 JavaThread "Service Thread" daemon [_thread_blocked, id=8920, stack(0x0000000017540000,0x0000000017640000)]
  0x00000000157f9800 JavaThread "C1 CompilerThread2" daemon [_thread_blocked, id=7636, stack(0x0000000017040000,0x0000000017140000)]
=>0x00000000157f0800 JavaThread "C2 CompilerThread1" daemon [_thread_in_native, id=720, stack(0x0000000016f40000,0x0000000017040000)]
  0x00000000157ed000 JavaThread "C2 CompilerThread0" daemon [_thread_blocked, id=360, stack(0x0000000016e40000,0x0000000016f40000)]
  0x00000000157eb800 JavaThread "Attach Listener" daemon [_thread_blocked, id=7868, stack(0x0000000016d40000,0x0000000016e40000)]
  0x00000000157ea000 JavaThread "Signal Dispatcher" daemon [_thread_blocked, id=5608, stack(0x0000000016c40000,0x0000000016d40000)]
  0x000000000235b000 JavaThread "Finalizer" daemon [_thread_blocked, id=5912, stack(0x0000000016a60000,0x0000000016b60000)]
  0x0000000002350000 JavaThread "Reference Handler" daemon [_thread_blocked, id=8560, stack(0x0000000016960000,0x0000000016a60000)]

Other Threads:
  0x00000000157b7800 VMThread [stack: 0x0000000016860000,0x0000000016960000] [id=8400]
  0x0000000017193800 WatcherThread [stack: 0x0000000017640000,0x0000000017740000] [id=5136]

VM state:not at safepoint (normal execution)

VM Mutex/Monitor currently owned by a thread: None

Heap:
 PSYoungGen      total 26112K, used 5317K [0x00000000e2d00000, 0x00000000e4a00000, 0x0000000100000000)
  eden space 22528K, 7% used [0x00000000e2d00000,0x00000000e2eb5550,0x00000000e4300000)
  from space 3584K, 99% used [0x00000000e4680000,0x00000000e49fc010,0x00000000e4a00000)
  to   space 3584K, 0% used [0x00000000e4300000,0x00000000e4300000,0x00000000e4680000)
 ParOldGen       total 60416K, used 22518K [0x00000000a8600000, 0x00000000ac100000, 0x00000000e2d00000)
  object space 60416K, 37% used [0x00000000a8600000,0x00000000a9bfda90,0x00000000ac100000)
 Metaspace       used 14238K, capacity 14420K, committed 14592K, reserved 1062912K
  class space    used 1697K, capacity 1782K, committed 1792K, reserved 1048576K

Card table byte_map: [0x0000000011720000,0x00000000119e0000] byte_map_base: 0x00000000111dd000

Marking Bits: (ParMarkBitMap*) 0x00000000675fd850
 Begin Bits: [0x0000000011fc0000, 0x00000000135a8000)
 End Bits:   [0x00000000135a8000, 0x0000000014b90000)

Polling page: 0x0000000000820000

CodeCache: size=245760Kb used=3108Kb max_used=3125Kb free=242651Kb
 bounds [0x0000000002360000, 0x0000000002680000, 0x0000000011360000]
 total_blobs=1415 nmethods=690 adapters=639
 compilation: enabled

Compilation events (10 events):
Event: 2.687 Thread 0x00000000157f9800 nmethod 688% 0x0000000002660c10 code [0x0000000002661000, 0x0000000002663748]
Event: 2.693 Thread 0x00000000157f0800 nmethod 685 0x0000000002666910 code [0x0000000002666ac0, 0x0000000002667190]
Event: 2.693 Thread 0x00000000157f0800  689 %     4       sun.awt.image.OffScreenImageSource::sendPixels @ 669 (733 bytes)
Event: 2.696 Thread 0x00000000157ed000 nmethod 686 0x0000000002665650 code [0x0000000002665860, 0x0000000002665ef0]
Event: 2.696 Thread 0x00000000157ed000  687       4       java.awt.image.ComponentColorModel::getAlpha (269 bytes)
Event: 2.702 Thread 0x00000000157ed000 nmethod 687 0x0000000002667c90 code [0x0000000002667e60, 0x0000000002668298]
Event: 2.729 Thread 0x00000000157f0800 nmethod 689% 0x000000000266ac10 code [0x000000000266ade0, 0x000000000266baa0]
Event: 2.729 Thread 0x00000000157ed000  690       4       sun.awt.image.OffScreenImageSource::sendPixels (733 bytes)
Event: 2.778 Thread 0x00000000157f0800  691 %     4       com.sun.opengl.impl.mipmap.ScaleInternal::scale_internal_ubyte @ 380 (1604 bytes)
Event: 2.790 Thread 0x00000000157ed000 nmethod 690 0x000000000266fa50 code [0x000000000266fca0, 0x00000000026711f0]

GC Heap History (8 events):
Event: 1.698 GC heap before
{Heap before GC invocations=1 (full 0):
 PSYoungGen      total 26112K, used 22528K [0x00000000e2d00000, 0x00000000e4a00000, 0x0000000100000000)
  eden space 22528K, 100% used [0x00000000e2d00000,0x00000000e4300000,0x00000000e4300000)
  from space 3584K, 0% used [0x00000000e4680000,0x00000000e4680000,0x00000000e4a00000)
  to   space 3584K, 0% used [0x00000000e4300000,0x00000000e4300000,0x00000000e4680000)
 ParOldGen       total 60416K, used 0K [0x00000000a8600000, 0x00000000ac100000, 0x00000000e2d00000)
  object space 60416K, 0% used [0x00000000a8600000,0x00000000a8600000,0x00000000ac100000)
 Metaspace       used 14226K, capacity 14420K, committed 14592K, reserved 1062912K
  class space    used 1697K, capacity 1782K, committed 1792K, reserved 1048576K
Event: 1.710 GC heap after
Heap after GC invocations=1 (full 0):
 PSYoungGen      total 26112K, used 3568K [0x00000000e2d00000, 0x00000000e4a00000, 0x0000000100000000)
  eden space 22528K, 0% used [0x00000000e2d00000,0x00000000e2d00000,0x00000000e4300000)
  from space 3584K, 99% used [0x00000000e4300000,0x00000000e467c010,0x00000000e4680000)
  to   space 3584K, 0% used [0x00000000e4680000,0x00000000e4680000,0x00000000e4a00000)
 ParOldGen       total 60416K, used 7754K [0x00000000a8600000, 0x00000000ac100000, 0x00000000e2d00000)
  object space 60416K, 12% used [0x00000000a8600000,0x00000000a8d92a30,0x00000000ac100000)
 Metaspace       used 14226K, capacity 14420K, committed 14592K, reserved 1062912K
  class space    used 1697K, capacity 1782K, committed 1792K, reserved 1048576K
}
Event: 2.225 GC heap before
{Heap before GC invocations=2 (full 0):
 PSYoungGen      total 26112K, used 24960K [0x00000000e2d00000, 0x00000000e4a00000, 0x0000000100000000)
  eden space 22528K, 94% used [0x00000000e2d00000,0x00000000e41e42d8,0x00000000e4300000)
  from space 3584K, 99% used [0x00000000e4300000,0x00000000e467c010,0x00000000e4680000)
  to   space 3584K, 0% used [0x00000000e4680000,0x00000000e4680000,0x00000000e4a00000)
 ParOldGen       total 60416K, used 7754K [0x00000000a8600000, 0x00000000ac100000, 0x00000000e2d00000)
  object space 60416K, 12% used [0x00000000a8600000,0x00000000a8d92a30,0x00000000ac100000)
 Metaspace       used 14235K, capacity 14420K, committed 14592K, reserved 1062912K
  class space    used 1697K, capacity 1782K, committed 1792K, reserved 1048576K
Event: 2.231 GC heap after
Heap after GC invocations=2 (full 0):
 PSYoungGen      total 26112K, used 3568K [0x00000000e2d00000, 0x00000000e4a00000, 0x0000000100000000)
  eden space 22528K, 0% used [0x00000000e2d00000,0x00000000e2d00000,0x00000000e4300000)
  from space 3584K, 99% used [0x00000000e4680000,0x00000000e49fc010,0x00000000e4a00000)
  to   space 3584K, 0% used [0x00000000e4300000,0x00000000e4300000,0x00000000e4680000)
 ParOldGen       total 60416K, used 13370K [0x00000000a8600000, 0x00000000ac100000, 0x00000000e2d00000)
  object space 60416K, 22% used [0x00000000a8600000,0x00000000a930ea50,0x00000000ac100000)
 Metaspace       used 14235K, capacity 14420K, committed 14592K, reserved 1062912K
  class space    used 1697K, capacity 1782K, committed 1792K, reserved 1048576K
}
Event: 2.551 GC heap before
{Heap before GC invocations=3 (full 0):
 PSYoungGen      total 26112K, used 24411K [0x00000000e2d00000, 0x00000000e4a00000, 0x0000000100000000)
  eden space 22528K, 92% used [0x00000000e2d00000,0x00000000e415ae48,0x00000000e4300000)
  from space 3584K, 99% used [0x00000000e4680000,0x00000000e49fc010,0x00000000e4a00000)
  to   space 3584K, 0% used [0x00000000e4300000,0x00000000e4300000,0x00000000e4680000)
 ParOldGen       total 60416K, used 13370K [0x00000000a8600000, 0x00000000ac100000, 0x00000000e2d00000)
  object space 60416K, 22% used [0x00000000a8600000,0x00000000a930ea50,0x00000000ac100000)
 Metaspace       used 14238K, capacity 14420K, committed 14592K, reserved 1062912K
  class space    used 1697K, capacity 1782K, committed 1792K, reserved 1048576K
Event: 2.556 GC heap after
Heap after GC invocations=3 (full 0):
 PSYoungGen      total 26112K, used 896K [0x00000000e2d00000, 0x00000000e4a00000, 0x0000000100000000)
  eden space 22528K, 0% used [0x00000000e2d00000,0x00000000e2d00000,0x00000000e4300000)
  from space 3584K, 25% used [0x00000000e4300000,0x00000000e43e0000,0x00000000e4680000)
  to   space 3584K, 0% used [0x00000000e4680000,0x00000000e4680000,0x00000000e4a00000)
 ParOldGen       total 60416K, used 16178K [0x00000000a8600000, 0x00000000ac100000, 0x00000000e2d00000)
  object space 60416K, 26% used [0x00000000a8600000,0x00000000a95cca60,0x00000000ac100000)
 Metaspace       used 14238K, capacity 14420K, committed 14592K, reserved 1062912K
  class space    used 1697K, capacity 1782K, committed 1792K, reserved 1048576K
}
Event: 2.756 GC heap before
{Heap before GC invocations=4 (full 0):
 PSYoungGen      total 26112K, used 23424K [0x00000000e2d00000, 0x00000000e4a00000, 0x0000000100000000)
  eden space 22528K, 100% used [0x00000000e2d00000,0x00000000e4300000,0x00000000e4300000)
  from space 3584K, 25% used [0x00000000e4300000,0x00000000e43e0000,0x00000000e4680000)
  to   space 3584K, 0% used [0x00000000e4680000,0x00000000e4680000,0x00000000e4a00000)
 ParOldGen       total 60416K, used 16178K [0x00000000a8600000, 0x00000000ac100000, 0x00000000e2d00000)
  object space 60416K, 26% used [0x00000000a8600000,0x00000000a95cca60,0x00000000ac100000)
 Metaspace       used 14238K, capacity 14420K, committed 14592K, reserved 1062912K
  class space    used 1697K, capacity 1782K, committed 1792K, reserved 1048576K
Event: 2.762 GC heap after
Heap after GC invocations=4 (full 0):
 PSYoungGen      total 26112K, used 3568K [0x00000000e2d00000, 0x00000000e4a00000, 0x0000000100000000)
  eden space 22528K, 0% used [0x00000000e2d00000,0x00000000e2d00000,0x00000000e4300000)
  from space 3584K, 99% used [0x00000000e4680000,0x00000000e49fc010,0x00000000e4a00000)
  to   space 3584K, 0% used [0x00000000e4300000,0x00000000e4300000,0x00000000e4680000)
 ParOldGen       total 60416K, used 22518K [0x00000000a8600000, 0x00000000ac100000, 0x00000000e2d00000)
  object space 60416K, 37% used [0x00000000a8600000,0x00000000a9bfda90,0x00000000ac100000)
 Metaspace       used 14238K, capacity 14420K, committed 14592K, reserved 1062912K
  class space    used 1697K, capacity 1782K, committed 1792K, reserved 1048576K
}

Deoptimization events (10 events):
Event: 1.177 Thread 0x0000000017a5a000 Uncommon trap: reason=class_check action=maybe_recompile pc=0x000000000256e818 method=java.util.HashMap.putVal(ILjava/lang/Object;Ljava/lang/Object;ZZ)Ljava/lang/Object; @ 253
Event: 1.781 Thread 0x0000000017a5a000 Uncommon trap: reason=unstable_if action=reinterpret pc=0x0000000002627eb4 method=sun.awt.image.OffScreenImageSource.sendPixels()V @ 663
Event: 1.822 Thread 0x0000000017a5a000 Uncommon trap: reason=unstable_if action=reinterpret pc=0x000000000260ec10 method=Texture.TextureReader.readPixels(Ljava/awt/image/BufferedImage;Z)LTexture/TextureReader$Texture; @ 86
Event: 2.558 Thread 0x0000000017a5a000 Uncommon trap: reason=unstable_if action=reinterpret pc=0x00000000025ff5a4 method=sun.awt.image.ByteInterleavedRaster.putByteData(IIII[B)V @ 395
Event: 2.675 Thread 0x0000000017a5a000 Uncommon trap: reason=unstable_if action=reinterpret pc=0x000000000263af18 method=java.awt.image.ComponentColorModel.getRGB(Ljava/lang/Object;)I @ 4
Event: 2.675 Thread 0x0000000017a5a000 Uncommon trap: reason=unstable_if action=reinterpret pc=0x00000000025eced4 method=java.awt.image.ComponentColorModel.getAlpha(Ljava/lang/Object;)I @ 4
Event: 2.675 Thread 0x0000000017a5a000 Uncommon trap: reason=unstable_if action=reinterpret pc=0x00000000025d7968 method=java.awt.image.ComponentColorModel.extractComponent(Ljava/lang/Object;II)I @ 4
Event: 2.675 Thread 0x0000000017a5a000 Uncommon trap: reason=unstable_if action=reinterpret pc=0x00000000025e9df4 method=java.awt.image.ComponentColorModel.getAlpha(Ljava/lang/Object;)I @ 4
Event: 2.675 Thread 0x0000000017a5a000 Uncommon trap: reason=unstable_if action=reinterpret pc=0x00000000025eb25c method=java.awt.image.ComponentColorModel.getAlpha(Ljava/lang/Object;)I @ 4
Event: 2.677 Thread 0x0000000017a5a000 Uncommon trap: reason=unstable_if action=reinterpret pc=0x0000000002633904 method=java.awt.image.ComponentColorModel.getAlpha(Ljava/lang/Object;)I @ 4

Internal exceptions (10 events):
Event: 0.444 Thread 0x0000000002260800 Exception <a 'java/lang/ClassNotFoundException': ToolBar> (0x00000000e30c2090) thrown at [C:\re\workspace\8-2-build-windows-amd64-cygwin\jdk8u141\9370\hotspot\src\share\vm\classfile\systemDictionary.cpp, line 210]
Event: 0.444 Thread 0x0000000002260800 Exception <a 'java/lang/ClassNotFoundException': ToggleButton> (0x00000000e30c2640) thrown at [C:\re\workspace\8-2-build-windows-amd64-cygwin\jdk8u141\9370\hotspot\src\share\vm\classfile\systemDictionary.cpp, line 210]
Event: 0.444 Thread 0x0000000002260800 Exception <a 'java/lang/ClassNotFoundException': javax/swing/JToolBarSeparator> (0x00000000e30c2aa0) thrown at [C:\re\workspace\8-2-build-windows-amd64-cygwin\jdk8u141\9370\hotspot\src\share\vm\classfile\systemDictionary.cpp, line 210]
Event: 0.444 Thread 0x0000000002260800 Exception <a 'java/lang/ClassNotFoundException': ToolBarSeparator> (0x00000000e30c2f38) thrown at [C:\re\workspace\8-2-build-windows-amd64-cygwin\jdk8u141\9370\hotspot\src\share\vm\classfile\systemDictionary.cpp, line 210]
Event: 0.444 Thread 0x0000000002260800 Exception <a 'java/lang/ClassNotFoundException': ToolTip> (0x00000000e30c3678) thrown at [C:\re\workspace\8-2-build-windows-amd64-cygwin\jdk8u141\9370\hotspot\src\share\vm\classfile\systemDictionary.cpp, line 210]
Event: 0.446 Thread 0x0000000002260800 Exception <a 'java/lang/ClassNotFoundException': Tree> (0x00000000e30c4298) thrown at [C:\re\workspace\8-2-build-windows-amd64-cygwin\jdk8u141\9370\hotspot\src\share\vm\classfile\systemDictionary.cpp, line 210]
Event: 0.447 Thread 0x0000000002260800 Exception <a 'java/lang/ClassNotFoundException': Tree> (0x00000000e30c49d8) thrown at [C:\re\workspace\8-2-build-windows-amd64-cygwin\jdk8u141\9370\hotspot\src\share\vm\classfile\systemDictionary.cpp, line 210]
Event: 0.447 Thread 0x0000000002260800 Exception <a 'java/lang/ClassNotFoundException': javax/swing/JTreeCell> (0x00000000e30c4d58) thrown at [C:\re\workspace\8-2-build-windows-amd64-cygwin\jdk8u141\9370\hotspot\src\share\vm\classfile\systemDictionary.cpp, line 210]
Event: 0.447 Thread 0x0000000002260800 Exception <a 'java/lang/ClassNotFoundException': TreeCell> (0x00000000e30c51e0) thrown at [C:\re\workspace\8-2-build-windows-amd64-cygwin\jdk8u141\9370\hotspot\src\share\vm\classfile\systemDictionary.cpp, line 210]
Event: 0.448 Thread 0x0000000002260800 Exception <a 'java/lang/ClassNotFoundException': RootPane> (0x00000000e30c5c40) thrown at [C:\re\workspace\8-2-build-windows-amd64-cygwin\jdk8u141\9370\hotspot\src\share\vm\classfile\systemDictionary.cpp, line 210]

Events (10 events):
Event: 2.675 Thread 0x0000000017a5a000 DEOPT UNPACKING pc=0x00000000023a582a sp=0x000000001c20dce0 mode 2
Event: 2.677 Thread 0x0000000017a5a000 Uncommon trap: trap_request=0xffffff65 fr.pc=0x0000000002633904
Event: 2.677 Thread 0x0000000017a5a000 DEOPT PACKING pc=0x0000000002633904 sp=0x000000001c20deb0
Event: 2.677 Thread 0x0000000017a5a000 DEOPT UNPACKING pc=0x00000000023a582a sp=0x000000001c20dce8 mode 2
Event: 2.729 Thread 0x0000000017a5a000 DEOPT PACKING pc=0x0000000002663535 sp=0x000000001c20de00
Event: 2.729 Thread 0x0000000017a5a000 DEOPT UNPACKING pc=0x00000000023a747f sp=0x000000001c20dbf0 mode 0
Event: 2.756 Executing VM operation: ParallelGCFailedAllocation
Event: 2.762 Executing VM operation: ParallelGCFailedAllocation done
Event: 2.779 Thread 0x0000000017a5a000 DEOPT PACKING pc=0x00000000025de8f1 sp=0x000000001c20dbb0
Event: 2.779 Thread 0x0000000017a5a000 DEOPT UNPACKING pc=0x00000000023a747f sp=0x000000001c20da10 mode 0


Dynamic libraries:
0x00007ff745ab0000 - 0x00007ff745ae7000 	C:\Program Files\Java\jdk1.8.0_141\bin\java.exe
0x00007ffed86c0000 - 0x00007ffed8882000 	C:\Windows\SYSTEM32\ntdll.dll
0x00007ffed6f80000 - 0x00007ffed702d000 	C:\Windows\system32\KERNEL32.DLL
0x00007ffed5aa0000 - 0x00007ffed5c7d000 	C:\Windows\system32\KERNELBASE.dll
0x00007ffed6ec0000 - 0x00007ffed6f66000 	C:\Windows\system32\ADVAPI32.dll
0x00007ffed8560000 - 0x00007ffed85fd000 	C:\Windows\system32\msvcrt.dll
0x00007ffed69a0000 - 0x00007ffed69fb000 	C:\Windows\system32\sechost.dll
0x00007ffed5ee0000 - 0x00007ffed6006000 	C:\Windows\system32\RPCRT4.dll
0x00007ffed5d90000 - 0x00007ffed5ede000 	C:\Windows\system32\USER32.dll
0x00007ffed6400000 - 0x00007ffed6585000 	C:\Windows\system32\GDI32.dll
0x00007ffed09a0000 - 0x00007ffed0c14000 	C:\Windows\WinSxS\amd64_microsoft.windows.common-controls_6595b64144ccf1df_6.0.10240.16384_none_f41f7b285750ef43\COMCTL32.dll
0x00007ffed6960000 - 0x00007ffed6996000 	C:\Windows\system32\IMM32.DLL
0x00007ffed6800000 - 0x00007ffed695c000 	C:\Windows\system32\MSCTF.dll
0x0000000068080000 - 0x0000000068152000 	C:\Program Files\Java\jdk1.8.0_141\jre\bin\msvcr100.dll
0x0000000066de0000 - 0x000000006767d000 	C:\Program Files\Java\jdk1.8.0_141\jre\bin\server\jvm.dll
0x00007ffed6090000 - 0x00007ffed6098000 	C:\Windows\system32\PSAPI.DLL
0x00007ffecc700000 - 0x00007ffecc709000 	C:\Windows\SYSTEM32\WSOCK32.dll
0x00007ffed29e0000 - 0x00007ffed2a03000 	C:\Windows\SYSTEM32\WINMM.dll
0x00007ffed6a00000 - 0x00007ffed6a69000 	C:\Windows\system32\WS2_32.dll
0x00007ffed6f70000 - 0x00007ffed6f78000 	C:\Windows\system32\NSI.dll
0x00007ffed2a10000 - 0x00007ffed2a1a000 	C:\Windows\SYSTEM32\VERSION.dll
0x00007ffed29b0000 - 0x00007ffed29dc000 	C:\Windows\SYSTEM32\WINMMBASE.dll
0x00007ffed5a50000 - 0x00007ffed5a94000 	C:\Windows\system32\cfgmgr32.dll
0x00007ffed3a60000 - 0x00007ffed3a87000 	C:\Windows\SYSTEM32\DEVOBJ.dll
0x0000000068030000 - 0x000000006803f000 	C:\Program Files\Java\jdk1.8.0_141\jre\bin\verify.dll
0x0000000068000000 - 0x0000000068029000 	C:\Program Files\Java\jdk1.8.0_141\jre\bin\java.dll
0x0000000067fe0000 - 0x0000000067ff6000 	C:\Program Files\Java\jdk1.8.0_141\jre\bin\zip.dll
0x00007ffed7030000 - 0x00007ffed8555000 	C:\Windows\system32\SHELL32.dll
0x00007ffed5190000 - 0x00007ffed57b8000 	C:\Windows\system32\windows.storage.dll
0x00007ffed6be0000 - 0x00007ffed6e5c000 	C:\Windows\system32\combase.dll
0x00007ffed6e60000 - 0x00007ffed6eb1000 	C:\Windows\system32\shlwapi.dll
0x00007ffed5140000 - 0x00007ffed514f000 	C:\Windows\system32\kernel.appcore.dll
0x00007ffed5990000 - 0x00007ffed5a43000 	C:\Windows\system32\shcore.dll
0x00007ffed50f0000 - 0x00007ffed513a000 	C:\Windows\system32\powrprof.dll
0x00007ffed5150000 - 0x00007ffed5163000 	C:\Windows\system32\profapi.dll
0x0000000066c40000 - 0x0000000066dd8000 	C:\Program Files\Java\jdk1.8.0_141\jre\bin\awt.dll
0x00007ffed8600000 - 0x00007ffed86be000 	C:\Windows\system32\OLEAUT32.dll
0x00007ffed3840000 - 0x00007ffed38b8000 	C:\Windows\system32\apphelp.dll
0x00007ffed39c0000 - 0x00007ffed3a56000 	C:\Windows\system32\uxtheme.dll
0x00007ffed3000000 - 0x00007ffed3022000 	C:\Windows\system32\dwmapi.dll
0x00007ffed6a70000 - 0x00007ffed6bb1000 	C:\Windows\system32\ole32.dll
0x00007ffed4f10000 - 0x00007ffed4f7b000 	C:\Windows\SYSTEM32\bcryptPrimitives.dll
0x0000000067f50000 - 0x0000000067f97000 	C:\Program Files\Java\jdk1.8.0_141\jre\bin\fontmanager.dll
0x00007ffec26e0000 - 0x00007ffec2808000 	C:\Windows\system32\opengl32.dll
0x00007ffeb14b0000 - 0x00007ffeb15a6000 	C:\Windows\SYSTEM32\DDRAW.dll
0x00007ffec26b0000 - 0x00007ffec26de000 	C:\Windows\SYSTEM32\GLU32.dll
0x00007ffec26a0000 - 0x00007ffec26a8000 	C:\Windows\SYSTEM32\DCIMAN32.dll
0x00007ffeb6780000 - 0x00007ffeb6990000 	C:\Windows\system32\d3d9.dll
0x00007ffed2a20000 - 0x00007ffed2b87000 	C:\Windows\SYSTEM32\aticfx64.dll
0x00007ffec12a0000 - 0x00007ffec12c1000 	C:\Windows\SYSTEM32\atiu9p64.dll
0x00007ffeb5f20000 - 0x00007ffeb6779000 	C:\Windows\SYSTEM32\atiumd64.dll
0x0000000067680000 - 0x0000000067f08000 	C:\Windows\SYSTEM32\atiumd6a.dll
0x0000000067fc0000 - 0x0000000067fda000 	C:\Program Files\Java\jdk1.8.0_141\jre\bin\net.dll
0x00007ffed4960000 - 0x00007ffed49bd000 	C:\Windows\system32\mswsock.dll
0x0000000067fa0000 - 0x0000000067fb1000 	C:\Program Files\Java\jdk1.8.0_141\jre\bin\nio.dll
0x0000000018b90000 - 0x0000000018bea000 	C:\JOGLwin\lib64\jogl.dll
0x0000000064ca0000 - 0x0000000064d69000 	C:\Windows\WinSxS\amd64_microsoft.vc80.crt_1fc8b3b9a1e18e3b_8.0.50727.9185_none_88e323712fabe0b2\MSVCR80.dll
0x0000000064d70000 - 0x0000000064d77000 	C:\Program Files\Java\jdk1.8.0_141\jre\bin\jawt.dll
0x0000000018c10000 - 0x0000000018c17000 	C:\JOGLwin\lib64\jogl_awt.dll
0x00007ffed1ca0000 - 0x00007ffed1cb8000 	C:\Windows\SYSTEM32\atig6pxx.dll
0x0000000064d80000 - 0x0000000066b80000 	C:\Windows\SYSTEM32\atio6axx.dll
0x00007ffed6150000 - 0x00007ffed6315000 	C:\Windows\system32\SETUPAPI.dll
0x00007ffec12d0000 - 0x00007ffec1411000 	C:\Windows\SYSTEM32\atiadlxx.dll
0x00007ffed31b0000 - 0x00007ffed31c3000 	C:\Windows\SYSTEM32\WTSAPI32.dll
0x00007ffed0640000 - 0x00007ffed0678000 	C:\Windows\SYSTEM32\IPHLPAPI.DLL
0x00007ffed47b0000 - 0x00007ffed47cf000 	C:\Windows\SYSTEM32\USERENV.dll
0x00007ffed1430000 - 0x00007ffed15b3000 	C:\Windows\SYSTEM32\PROPSYS.dll
0x00007ffed0630000 - 0x00007ffed063b000 	C:\Windows\SYSTEM32\WINNSI.DLL
0x00007ffed5c80000 - 0x00007ffed5cd4000 	C:\Windows\system32\WINTRUST.dll
0x00007ffed5170000 - 0x00007ffed5181000 	C:\Windows\system32\MSASN1.dll
0x00007ffed57c0000 - 0x00007ffed5981000 	C:\Windows\system32\CRYPT32.dll
0x00007ffecd760000 - 0x00007ffecd78c000 	C:\Windows\SYSTEM32\atig6txx.dll
0x00007ffed60a0000 - 0x00007ffed6145000 	C:\Windows\system32\clbcatq.dll
0x00007ffed49c0000 - 0x00007ffed49d7000 	C:\Windows\SYSTEM32\CRYPTSP.dll
0x00007ffed5020000 - 0x00007ffed5048000 	C:\Windows\SYSTEM32\bcrypt.dll
0x00007ffed4610000 - 0x00007ffed4643000 	C:\Windows\system32\rsaenh.dll
0x00007ffed4b30000 - 0x00007ffed4b3b000 	C:\Windows\SYSTEM32\CRYPTBASE.dll
0x00007ffecffa0000 - 0x00007ffecffb6000 	C:\Windows\SYSTEM32\dhcpcsvc6.DLL
0x00007ffed02a0000 - 0x00007ffed02ba000 	C:\Windows\SYSTEM32\dhcpcsvc.DLL

VM Arguments:
jvm_args: -Dfile.encoding=UTF-8 -Djava.library.path=C:\JOGLwin\lib64 
java_command: Texture.Anim
java_class_path (initial): C:\JOGLwin\lib32\gluegen-rt.jar;C:\JOGLwin\lib32\jogl.jar;C:\JOGLwin\lib64\gluegen-rt.jar;C:\JOGLwin\lib64\jogl.jar;E:\study\project\ChickenEggs\build\classes
Launcher Type: SUN_STANDARD

Environment Variables:
PATH=C:\Windows\system32;C:\Windows;C:\Windows\System32\Wbem;C:\Windows\System32\WindowsPowerShell\v1.0\;C:\Program Files (x86)\ATI Technologies\ATI.ACE\Core-Static;C:\Program Files (x86)\Microsoft SQL Server\110\Tools\Binn\;C:\Program Files\Microsoft SQL Server\110\Tools\Binn\;C:\Program Files\Microsoft SQL Server\110\DTS\Binn\;C:\Program Files (x86)\Microsoft SQL Server\110\Tools\Binn\ManagementStudio\;C:\Program Files (x86)\Microsoft SQL Server\110\DTS\Binn\;C:\Program Files\nodejs\;C:\Program Files (x86)\Brackets\command;E:\7agt matlab\runtime\win64;E:\7agt matlab\bin;;C:\Program Files (x86)\Microsoft VS Code\bin;C:\Users\ahmed\AppData\Roaming\npm
USERNAME=ahmed
OS=Windows_NT
PROCESSOR_IDENTIFIER=AMD64 Family 21 Model 16 Stepping 1, AuthenticAMD



---------------  S Y S T E M  ---------------

OS: Windows 10.0 , 64 bit Build 10240 (10.0.10240.16384)

CPU:total 4 (initial active 4) (4 cores per cpu, 1 threads per core) family 21 model 16 stepping 1, cmov, cx8, fxsr, mmx, sse, sse2, sse3, ssse3, sse4.1, sse4.2, popcnt, avx, aes, clmul, mmxext, 3dnowpref, lzcnt, sse4a, tsc, tscinvbit, tscinv, bmi1

Memory: 4k page, physical 5735760k(1043152k free), swap 8287816k(5644k free)

vm_info: Java HotSpot(TM) 64-Bit Server VM (25.141-b15) for windows-amd64 JRE (1.8.0_141-b15), built on Jul 12 2017 04:25:12 by "java_re" with MS VC++ 10.0 (VS2010)

time: Fri Dec 15 20:44:55 2017
elapsed time: 2 seconds (0d 0h 0m 2s)

