#
# There is insufficient memory for the Java Runtime Environment to continue.
# Native memory allocation (malloc) failed to allocate 1710704 bytes for Chunk::new
# Possible reasons:
#   The system is out of physical RAM or swap space
#   In 32 bit mode, the process size limit was hit
# Possible solutions:
#   Reduce memory load on the system
#   Increase physical memory or swap space
#   Check if swap backing store is full
#   Use 64 bit Java on a 64 bit OS
#   Decrease Java heap size (-Xmx/-Xms)
#   Decrease number of Java threads
#   Decrease Java thread stack sizes (-Xss)
#   Set larger code cache with -XX:ReservedCodeCacheSize=
# This output file may be truncated or incomplete.
#
#  Out of Memory Error (allocation.cpp:390), pid=5792, tid=0x0000000000001ad8
#
# JRE version: Java(TM) SE Runtime Environment (8.0_141-b15) (build 1.8.0_141-b15)
# Java VM: Java HotSpot(TM) 64-Bit Server VM (25.141-b15 mixed mode windows-amd64 compressed oops)
# Failed to write core dump. Minidumps are not enabled by default on client versions of Windows
#

---------------  T H R E A D  ---------------

Current thread (0x0000000016151000):  JavaThread "C2 CompilerThread1" daemon [_thread_in_native, id=6872, stack(0x0000000017990000,0x0000000017a90000)]

Stack: [0x0000000017990000,0x0000000017a90000]
[error occurred during error reporting (printing stack bounds), id 0xc0000005]

Native frames: (J=compiled Java code, j=interpreted, Vv=VM code, C=native code)


Current CompileTask:
C2:   3848  700 %     4       com.sun.opengl.impl.mipmap.ScaleInternal::scale_internal_ubyte @ 1446 (1604 bytes)


---------------  P R O C E S S  ---------------

Java Threads: ( => current thread )
  0x0000000018433800 JavaThread "D3D Screen Updater" daemon [_thread_blocked, id=7412, stack(0x000000001d120000,0x000000001d220000)]
  0x0000000018433000 JavaThread "DestroyJavaVM" [_thread_blocked, id=9044, stack(0x0000000002ac0000,0x0000000002bc0000)]
  0x0000000018439800 JavaThread "AWT-EventQueue-0" [_thread_in_Java, id=6492, stack(0x000000001c9e0000,0x000000001cae0000)]
  0x0000000018439000 JavaThread "Timer-0" [_thread_blocked, id=972, stack(0x000000001c8e0000,0x000000001c9e0000)]
  0x0000000017f5c800 JavaThread "AWT-Windows" daemon [_thread_in_native, id=4484, stack(0x0000000018c70000,0x0000000018d70000)]
  0x0000000017f5a000 JavaThread "AWT-Shutdown" [_thread_blocked, id=5072, stack(0x0000000018b70000,0x0000000018c70000)]
  0x00000000182b3800 JavaThread "Java2D Disposer" daemon [_thread_blocked, id=5768, stack(0x0000000018a70000,0x0000000018b70000)]
  0x0000000017bbb800 JavaThread "Service Thread" daemon [_thread_blocked, id=8948, stack(0x0000000017f90000,0x0000000018090000)]
  0x0000000016156000 JavaThread "C1 CompilerThread2" daemon [_thread_blocked, id=1804, stack(0x0000000017a90000,0x0000000017b90000)]
=>0x0000000016151000 JavaThread "C2 CompilerThread1" daemon [_thread_in_native, id=6872, stack(0x0000000017990000,0x0000000017a90000)]
  0x000000001614d800 JavaThread "C2 CompilerThread0" daemon [_thread_blocked, id=6416, stack(0x0000000017890000,0x0000000017990000)]
  0x000000001614c800 JavaThread "Attach Listener" daemon [_thread_blocked, id=7508, stack(0x0000000017790000,0x0000000017890000)]
  0x000000001614b800 JavaThread "Signal Dispatcher" daemon [_thread_blocked, id=6928, stack(0x0000000017690000,0x0000000017790000)]
  0x0000000002cbb000 JavaThread "Finalizer" daemon [_thread_blocked, id=6044, stack(0x00000000173b0000,0x00000000174b0000)]
  0x0000000002cb2000 JavaThread "Reference Handler" daemon [_thread_blocked, id=8408, stack(0x00000000172b0000,0x00000000173b0000)]

Other Threads:
  0x0000000016117000 VMThread [stack: 0x00000000171b0000,0x00000000172b0000] [id=5432]
  0x00000000161ae800 WatcherThread [stack: 0x0000000018090000,0x0000000018190000] [id=7832]

VM state:not at safepoint (normal execution)

VM Mutex/Monitor currently owned by a thread: None

Heap:
 PSYoungGen      total 26112K, used 8769K [0x00000000e2d00000, 0x00000000e4a00000, 0x0000000100000000)
  eden space 22528K, 23% used [0x00000000e2d00000,0x00000000e3218550,0x00000000e4300000)
  from space 3584K, 99% used [0x00000000e4300000,0x00000000e4678010,0x00000000e4680000)
  to   space 3584K, 0% used [0x00000000e4680000,0x00000000e4680000,0x00000000e4a00000)
 ParOldGen       total 60416K, used 29728K [0x00000000a8600000, 0x00000000ac100000, 0x00000000e2d00000)
  object space 60416K, 49% used [0x00000000a8600000,0x00000000aa308228,0x00000000ac100000)
 Metaspace       used 14258K, capacity 14484K, committed 14592K, reserved 1062912K
  class space    used 1699K, capacity 1782K, committed 1792K, reserved 1048576K

Card table byte_map: [0x0000000012080000,0x0000000012340000] byte_map_base: 0x0000000011b3d000

Marking Bits: (ParMarkBitMap*) 0x00000000675fd850
 Begin Bits: [0x0000000012920000, 0x0000000013f08000)
 End Bits:   [0x0000000013f08000, 0x00000000154f0000)

Polling page: 0x00000000013d0000

CodeCache: size=245760Kb used=3074Kb max_used=3094Kb free=242685Kb
 bounds [0x0000000002cc0000, 0x0000000002fd0000, 0x0000000011cc0000]
 total_blobs=1426 nmethods=699 adapters=641
 compilation: enabled

Compilation events (10 events):
Event: 3.191 Thread 0x0000000016151000 nmethod 673 0x0000000002fc5390 code [0x0000000002fc5600, 0x0000000002fcb1f0]
Event: 3.293 Thread 0x000000001614d800  696 %     4       com.sun.imageio.plugins.png.PNGImageReader::decodeSubFilter @ 3 (54 bytes)
Event: 3.299 Thread 0x000000001614d800 nmethod 696% 0x0000000002fa4250 code [0x0000000002fa43a0, 0x0000000002fa4678]
Event: 3.302 Thread 0x0000000016151000  697       4       com.sun.imageio.plugins.png.PNGImageReader::decodeSubFilter (54 bytes)
Event: 3.309 Thread 0x0000000016151000 nmethod 697 0x0000000002fa3dd0 code [0x0000000002fa3f00, 0x0000000002fa4118]
Event: 3.344 Thread 0x000000001614d800  698  s    4       java.io.BufferedInputStream::read (113 bytes)
Event: 3.350 Thread 0x000000001614d800 nmethod 698 0x0000000002fa7450 code [0x0000000002fa75c0, 0x0000000002fa7ab8]
Event: 3.486 Thread 0x0000000016156000  699       3       java.nio.Buffer::limit (62 bytes)
Event: 3.487 Thread 0x0000000016156000 nmethod 699 0x0000000002fb6b90 code [0x0000000002fb6d00, 0x0000000002fb7008]
Event: 3.490 Thread 0x0000000016151000  700 %     4       com.sun.opengl.impl.mipmap.ScaleInternal::scale_internal_ubyte @ 1446 (1604 bytes)

GC Heap History (10 events):
Event: 1.622 GC heap before
{Heap before GC invocations=1 (full 0):
 PSYoungGen      total 26112K, used 22528K [0x00000000e2d00000, 0x00000000e4a00000, 0x0000000100000000)
  eden space 22528K, 100% used [0x00000000e2d00000,0x00000000e4300000,0x00000000e4300000)
  from space 3584K, 0% used [0x00000000e4680000,0x00000000e4680000,0x00000000e4a00000)
  to   space 3584K, 0% used [0x00000000e4300000,0x00000000e4300000,0x00000000e4680000)
 ParOldGen       total 60416K, used 0K [0x00000000a8600000, 0x00000000ac100000, 0x00000000e2d00000)
  object space 60416K, 0% used [0x00000000a8600000,0x00000000a8600000,0x00000000ac100000)
 Metaspace       used 14243K, capacity 14420K, committed 14592K, reserved 1062912K
  class space    used 1699K, capacity 1782K, committed 1792K, reserved 1048576K
Event: 1.633 GC heap after
Heap after GC invocations=1 (full 0):
 PSYoungGen      total 26112K, used 3568K [0x00000000e2d00000, 0x00000000e4a00000, 0x0000000100000000)
  eden space 22528K, 0% used [0x00000000e2d00000,0x00000000e2d00000,0x00000000e4300000)
  from space 3584K, 99% used [0x00000000e4300000,0x00000000e467c010,0x00000000e4680000)
  to   space 3584K, 0% used [0x00000000e4680000,0x00000000e4680000,0x00000000e4a00000)
 ParOldGen       total 60416K, used 7737K [0x00000000a8600000, 0x00000000ac100000, 0x00000000e2d00000)
  object space 60416K, 12% used [0x00000000a8600000,0x00000000a8d8e598,0x00000000ac100000)
 Metaspace       used 14243K, capacity 14420K, committed 14592K, reserved 1062912K
  class space    used 1699K, capacity 1782K, committed 1792K, reserved 1048576K
}
Event: 2.570 GC heap before
{Heap before GC invocations=2 (full 0):
 PSYoungGen      total 26112K, used 24961K [0x00000000e2d00000, 0x00000000e4a00000, 0x0000000100000000)
  eden space 22528K, 94% used [0x00000000e2d00000,0x00000000e41e47a0,0x00000000e4300000)
  from space 3584K, 99% used [0x00000000e4300000,0x00000000e467c010,0x00000000e4680000)
  to   space 3584K, 0% used [0x00000000e4680000,0x00000000e4680000,0x00000000e4a00000)
 ParOldGen       total 60416K, used 7737K [0x00000000a8600000, 0x00000000ac100000, 0x00000000e2d00000)
  object space 60416K, 12% used [0x00000000a8600000,0x00000000a8d8e598,0x00000000ac100000)
 Metaspace       used 14255K, capacity 14420K, committed 14592K, reserved 1062912K
  class space    used 1699K, capacity 1782K, committed 1792K, reserved 1048576K
Event: 2.580 GC heap after
Heap after GC invocations=2 (full 0):
 PSYoungGen      total 26112K, used 3568K [0x00000000e2d00000, 0x00000000e4a00000, 0x0000000100000000)
  eden space 22528K, 0% used [0x00000000e2d00000,0x00000000e2d00000,0x00000000e4300000)
  from space 3584K, 99% used [0x00000000e4680000,0x00000000e49fc010,0x00000000e4a00000)
  to   space 3584K, 0% used [0x00000000e4300000,0x00000000e4300000,0x00000000e4680000)
 ParOldGen       total 60416K, used 13369K [0x00000000a8600000, 0x00000000ac100000, 0x00000000e2d00000)
  object space 60416K, 22% used [0x00000000a8600000,0x00000000a930e5b8,0x00000000ac100000)
 Metaspace       used 14255K, capacity 14420K, committed 14592K, reserved 1062912K
  class space    used 1699K, capacity 1782K, committed 1792K, reserved 1048576K
}
Event: 2.882 GC heap before
{Heap before GC invocations=3 (full 0):
 PSYoungGen      total 26112K, used 24413K [0x00000000e2d00000, 0x00000000e4a00000, 0x0000000100000000)
  eden space 22528K, 92% used [0x00000000e2d00000,0x00000000e415b408,0x00000000e4300000)
  from space 3584K, 99% used [0x00000000e4680000,0x00000000e49fc010,0x00000000e4a00000)
  to   space 3584K, 0% used [0x00000000e4300000,0x00000000e4300000,0x00000000e4680000)
 ParOldGen       total 60416K, used 13369K [0x00000000a8600000, 0x00000000ac100000, 0x00000000e2d00000)
  object space 60416K, 22% used [0x00000000a8600000,0x00000000a930e5b8,0x00000000ac100000)
 Metaspace       used 14258K, capacity 14420K, committed 14592K, reserved 1062912K
  class space    used 1699K, capacity 1782K, committed 1792K, reserved 1048576K
Event: 2.908 GC heap after
Heap after GC invocations=3 (full 0):
 PSYoungGen      total 26112K, used 864K [0x00000000e2d00000, 0x00000000e4a00000, 0x0000000100000000)
  eden space 22528K, 0% used [0x00000000e2d00000,0x00000000e2d00000,0x00000000e4300000)
  from space 3584K, 24% used [0x00000000e4300000,0x00000000e43d8000,0x00000000e4680000)
  to   space 3584K, 0% used [0x00000000e4680000,0x00000000e4680000,0x00000000e4a00000)
 ParOldGen       total 60416K, used 16177K [0x00000000a8600000, 0x00000000ac100000, 0x00000000e2d00000)
  object space 60416K, 26% used [0x00000000a8600000,0x00000000a95cc5c8,0x00000000ac100000)
 Metaspace       used 14258K, capacity 14420K, committed 14592K, reserved 1062912K
  class space    used 1699K, capacity 1782K, committed 1792K, reserved 1048576K
}
Event: 3.107 GC heap before
{Heap before GC invocations=4 (full 0):
 PSYoungGen      total 26112K, used 23392K [0x00000000e2d00000, 0x00000000e4a00000, 0x0000000100000000)
  eden space 22528K, 100% used [0x00000000e2d00000,0x00000000e4300000,0x00000000e4300000)
  from space 3584K, 24% used [0x00000000e4300000,0x00000000e43d8000,0x00000000e4680000)
  to   space 3584K, 0% used [0x00000000e4680000,0x00000000e4680000,0x00000000e4a00000)
 ParOldGen       total 60416K, used 16177K [0x00000000a8600000, 0x00000000ac100000, 0x00000000e2d00000)
  object space 60416K, 26% used [0x00000000a8600000,0x00000000a95cc5c8,0x00000000ac100000)
 Metaspace       used 14258K, capacity 14420K, committed 14592K, reserved 1062912K
  class space    used 1699K, capacity 1782K, committed 1792K, reserved 1048576K
Event: 3.116 GC heap after
Heap after GC invocations=4 (full 0):
 PSYoungGen      total 26112K, used 3568K [0x00000000e2d00000, 0x00000000e4a00000, 0x0000000100000000)
  eden space 22528K, 0% used [0x00000000e2d00000,0x00000000e2d00000,0x00000000e4300000)
  from space 3584K, 99% used [0x00000000e4680000,0x00000000e49fc010,0x00000000e4a00000)
  to   space 3584K, 0% used [0x00000000e4300000,0x00000000e4300000,0x00000000e4680000)
 ParOldGen       total 60416K, used 22509K [0x00000000a8600000, 0x00000000ac100000, 0x00000000e2d00000)
  object space 60416K, 37% used [0x00000000a8600000,0x00000000a9bfb5f8,0x00000000ac100000)
 Metaspace       used 14258K, capacity 14420K, committed 14592K, reserved 1062912K
  class space    used 1699K, capacity 1782K, committed 1792K, reserved 1048576K
}
Event: 3.452 GC heap before
{Heap before GC invocations=5 (full 0):
 PSYoungGen      total 26112K, used 26096K [0x00000000e2d00000, 0x00000000e4a00000, 0x0000000100000000)
  eden space 22528K, 100% used [0x00000000e2d00000,0x00000000e4300000,0x00000000e4300000)
  from space 3584K, 99% used [0x00000000e4680000,0x00000000e49fc010,0x00000000e4a00000)
  to   space 3584K, 0% used [0x00000000e4300000,0x00000000e4300000,0x00000000e4680000)
 ParOldGen       total 60416K, used 22509K [0x00000000a8600000, 0x00000000ac100000, 0x00000000e2d00000)
  object space 60416K, 37% used [0x00000000a8600000,0x00000000a9bfb5f8,0x00000000ac100000)
 Metaspace       used 14258K, capacity 14420K, committed 14592K, reserved 1062912K
  class space    used 1699K, capacity 1782K, committed 1792K, reserved 1048576K
Event: 3.459 GC heap after
Heap after GC invocations=5 (full 0):
 PSYoungGen      total 26112K, used 3552K [0x00000000e2d00000, 0x00000000e4a00000, 0x0000000100000000)
  eden space 22528K, 0% used [0x00000000e2d00000,0x00000000e2d00000,0x00000000e4300000)
  from space 3584K, 99% used [0x00000000e4300000,0x00000000e4678010,0x00000000e4680000)
  to   space 3584K, 0% used [0x00000000e4680000,0x00000000e4680000,0x00000000e4a00000)
 ParOldGen       total 60416K, used 29728K [0x00000000a8600000, 0x00000000ac100000, 0x00000000e2d00000)
  object space 60416K, 49% used [0x00000000a8600000,0x00000000aa308228,0x00000000ac100000)
 Metaspace       used 14258K, capacity 14420K, committed 14592K, reserved 1062912K
  class space    used 1699K, capacity 1782K, committed 1792K, reserved 1048576K
}

Deoptimization events (10 events):
Event: 2.872 Thread 0x0000000018439800 Uncommon trap: reason=unstable_if action=reinterpret pc=0x0000000002f9013c method=sun.awt.image.OffScreenImageSource.sendPixels()V @ 663
Event: 2.909 Thread 0x0000000018439800 Uncommon trap: reason=unstable_if action=reinterpret pc=0x0000000002f50ea4 method=sun.awt.image.ByteInterleavedRaster.putByteData(IIII[B)V @ 395
Event: 3.026 Thread 0x0000000018439800 Uncommon trap: reason=unstable_if action=reinterpret pc=0x0000000002f3f5c8 method=java.awt.image.ComponentColorModel.getRGB(Ljava/lang/Object;)I @ 4
Event: 3.027 Thread 0x0000000018439800 Uncommon trap: reason=unstable_if action=reinterpret pc=0x0000000002f3b754 method=java.awt.image.ComponentColorModel.getAlpha(Ljava/lang/Object;)I @ 4
Event: 3.027 Thread 0x0000000018439800 Uncommon trap: reason=unstable_if action=reinterpret pc=0x0000000002f31268 method=java.awt.image.ComponentColorModel.extractComponent(Ljava/lang/Object;II)I @ 4
Event: 3.027 Thread 0x0000000018439800 Uncommon trap: reason=unstable_if action=reinterpret pc=0x0000000002f3e21c method=java.awt.image.ComponentColorModel.getAlpha(Ljava/lang/Object;)I @ 4
Event: 3.028 Thread 0x0000000018439800 Uncommon trap: reason=unstable_if action=reinterpret pc=0x0000000002f76088 method=java.awt.image.ComponentColorModel.getAlpha(Ljava/lang/Object;)I @ 4
Event: 3.490 Thread 0x0000000018439800 Uncommon trap: reason=predicate action=maybe_recompile pc=0x0000000002fcab54 method=com.sun.opengl.impl.mipmap.ScaleInternal.scale_internal_ubyte(IIILjava/nio/ByteBuffer;IILjava/nio/ByteBuffer;III)V @ 153
Event: 3.494 Thread 0x0000000018439800 Uncommon trap: reason=unstable_if action=reinterpret pc=0x0000000002f88f34 method=com.sun.opengl.impl.mipmap.ScaleInternal.scale_internal_ubyte(IIILjava/nio/ByteBuffer;IILjava/nio/ByteBuffer;III)V @ 184
Event: 3.500 Thread 0x0000000018439800 Uncommon trap: reason=unstable_if action=reinterpret pc=0x0000000002f9ebcc method=com.sun.opengl.impl.mipmap.ScaleInternal.scale_internal_ubyte(IIILjava/nio/ByteBuffer;IILjava/nio/ByteBuffer;III)V @ 184

Internal exceptions (10 events):
Event: 0.442 Thread 0x0000000002bc0800 Exception <a 'java/lang/ClassNotFoundException': ToolBar> (0x00000000e30c2360) thrown at [C:\re\workspace\8-2-build-windows-amd64-cygwin\jdk8u141\9370\hotspot\src\share\vm\classfile\systemDictionary.cpp, line 210]
Event: 0.442 Thread 0x0000000002bc0800 Exception <a 'java/lang/ClassNotFoundException': ToggleButton> (0x00000000e30c2910) thrown at [C:\re\workspace\8-2-build-windows-amd64-cygwin\jdk8u141\9370\hotspot\src\share\vm\classfile\systemDictionary.cpp, line 210]
Event: 0.442 Thread 0x0000000002bc0800 Exception <a 'java/lang/ClassNotFoundException': javax/swing/JToolBarSeparator> (0x00000000e30c2d70) thrown at [C:\re\workspace\8-2-build-windows-amd64-cygwin\jdk8u141\9370\hotspot\src\share\vm\classfile\systemDictionary.cpp, line 210]
Event: 0.442 Thread 0x0000000002bc0800 Exception <a 'java/lang/ClassNotFoundException': ToolBarSeparator> (0x00000000e30c3208) thrown at [C:\re\workspace\8-2-build-windows-amd64-cygwin\jdk8u141\9370\hotspot\src\share\vm\classfile\systemDictionary.cpp, line 210]
Event: 0.442 Thread 0x0000000002bc0800 Exception <a 'java/lang/ClassNotFoundException': ToolTip> (0x00000000e30c3948) thrown at [C:\re\workspace\8-2-build-windows-amd64-cygwin\jdk8u141\9370\hotspot\src\share\vm\classfile\systemDictionary.cpp, line 210]
Event: 0.445 Thread 0x0000000002bc0800 Exception <a 'java/lang/ClassNotFoundException': Tree> (0x00000000e30c4568) thrown at [C:\re\workspace\8-2-build-windows-amd64-cygwin\jdk8u141\9370\hotspot\src\share\vm\classfile\systemDictionary.cpp, line 210]
Event: 0.445 Thread 0x0000000002bc0800 Exception <a 'java/lang/ClassNotFoundException': Tree> (0x00000000e30c4ca8) thrown at [C:\re\workspace\8-2-build-windows-amd64-cygwin\jdk8u141\9370\hotspot\src\share\vm\classfile\systemDictionary.cpp, line 210]
Event: 0.445 Thread 0x0000000002bc0800 Exception <a 'java/lang/ClassNotFoundException': javax/swing/JTreeCell> (0x00000000e30c5028) thrown at [C:\re\workspace\8-2-build-windows-amd64-cygwin\jdk8u141\9370\hotspot\src\share\vm\classfile\systemDictionary.cpp, line 210]
Event: 0.445 Thread 0x0000000002bc0800 Exception <a 'java/lang/ClassNotFoundException': TreeCell> (0x00000000e30c54b0) thrown at [C:\re\workspace\8-2-build-windows-amd64-cygwin\jdk8u141\9370\hotspot\src\share\vm\classfile\systemDictionary.cpp, line 210]
Event: 0.446 Thread 0x0000000002bc0800 Exception <a 'java/lang/ClassNotFoundException': RootPane> (0x00000000e30c5f10) thrown at [C:\re\workspace\8-2-build-windows-amd64-cygwin\jdk8u141\9370\hotspot\src\share\vm\classfile\systemDictionary.cpp, line 210]

Events (10 events):
Event: 3.460 Executing VM operation: ParallelGCFailedAllocation done
Event: 3.490 Thread 0x0000000018439800 Uncommon trap: trap_request=0xffffff86 fr.pc=0x0000000002fcab54
Event: 3.490 Thread 0x0000000018439800 DEOPT PACKING pc=0x0000000002fcab54 sp=0x000000001cadcd70
Event: 3.490 Thread 0x0000000018439800 DEOPT UNPACKING pc=0x0000000002d0582a sp=0x000000001cadccc0 mode 2
Event: 3.494 Thread 0x0000000018439800 Uncommon trap: trap_request=0xffffff65 fr.pc=0x0000000002f88f34
Event: 3.494 Thread 0x0000000018439800 DEOPT PACKING pc=0x0000000002f88f34 sp=0x000000001cadcd30
Event: 3.494 Thread 0x0000000018439800 DEOPT UNPACKING pc=0x0000000002d0582a sp=0x000000001cadccb0 mode 2
Event: 3.500 Thread 0x0000000018439800 Uncommon trap: trap_request=0xffffff65 fr.pc=0x0000000002f9ebcc
Event: 3.500 Thread 0x0000000018439800 DEOPT PACKING pc=0x0000000002f9ebcc sp=0x000000001cadcd20
Event: 3.500 Thread 0x0000000018439800 DEOPT UNPACKING pc=0x0000000002d0582a sp=0x000000001cadccb0 mode 2


Dynamic libraries:
0x00007ff745ab0000 - 0x00007ff745ae7000 	C:\Program Files\Java\jdk1.8.0_141\bin\java.exe
0x00007ffed86c0000 - 0x00007ffed8882000 	C:\Windows\SYSTEM32\ntdll.dll
0x00007ffed6f80000 - 0x00007ffed702d000 	C:\Windows\system32\KERNEL32.DLL
0x00007ffed5aa0000 - 0x00007ffed5c7d000 	C:\Windows\system32\KERNELBASE.dll
0x00007ffed6ec0000 - 0x00007ffed6f66000 	C:\Windows\system32\ADVAPI32.dll
0x00007ffed8560000 - 0x00007ffed85fd000 	C:\Windows\system32\msvcrt.dll
0x00007ffed69a0000 - 0x00007ffed69fb000 	C:\Windows\system32\sechost.dll
0x00007ffed5ee0000 - 0x00007ffed6006000 	C:\Windows\system32\RPCRT4.dll
0x00007ffed5d90000 - 0x00007ffed5ede000 	C:\Windows\system32\USER32.dll
0x00007ffed6400000 - 0x00007ffed6585000 	C:\Windows\system32\GDI32.dll
0x00007ffed09a0000 - 0x00007ffed0c14000 	C:\Windows\WinSxS\amd64_microsoft.windows.common-controls_6595b64144ccf1df_6.0.10240.16384_none_f41f7b285750ef43\COMCTL32.dll
0x00007ffed6960000 - 0x00007ffed6996000 	C:\Windows\system32\IMM32.DLL
0x00007ffed6800000 - 0x00007ffed695c000 	C:\Windows\system32\MSCTF.dll
0x0000000068080000 - 0x0000000068152000 	C:\Program Files\Java\jdk1.8.0_141\jre\bin\msvcr100.dll
0x0000000066de0000 - 0x000000006767d000 	C:\Program Files\Java\jdk1.8.0_141\jre\bin\server\jvm.dll
0x00007ffed6090000 - 0x00007ffed6098000 	C:\Windows\system32\PSAPI.DLL
0x00007ffecc700000 - 0x00007ffecc709000 	C:\Windows\SYSTEM32\WSOCK32.dll
0x00007ffed6a00000 - 0x00007ffed6a69000 	C:\Windows\system32\WS2_32.dll
0x00007ffed6f70000 - 0x00007ffed6f78000 	C:\Windows\system32\NSI.dll
0x00007ffed29e0000 - 0x00007ffed2a03000 	C:\Windows\SYSTEM32\WINMM.dll
0x00007ffed2a10000 - 0x00007ffed2a1a000 	C:\Windows\SYSTEM32\VERSION.dll
0x00007ffed29b0000 - 0x00007ffed29dc000 	C:\Windows\SYSTEM32\WINMMBASE.dll
0x00007ffed5a50000 - 0x00007ffed5a94000 	C:\Windows\system32\cfgmgr32.dll
0x00007ffed3a60000 - 0x00007ffed3a87000 	C:\Windows\SYSTEM32\DEVOBJ.dll
0x0000000068030000 - 0x000000006803f000 	C:\Program Files\Java\jdk1.8.0_141\jre\bin\verify.dll
0x0000000068000000 - 0x0000000068029000 	C:\Program Files\Java\jdk1.8.0_141\jre\bin\java.dll
0x0000000067fe0000 - 0x0000000067ff6000 	C:\Program Files\Java\jdk1.8.0_141\jre\bin\zip.dll
0x00007ffed7030000 - 0x00007ffed8555000 	C:\Windows\system32\SHELL32.dll
0x00007ffed5190000 - 0x00007ffed57b8000 	C:\Windows\system32\windows.storage.dll
0x00007ffed6be0000 - 0x00007ffed6e5c000 	C:\Windows\system32\combase.dll
0x00007ffed6e60000 - 0x00007ffed6eb1000 	C:\Windows\system32\shlwapi.dll
0x00007ffed5140000 - 0x00007ffed514f000 	C:\Windows\system32\kernel.appcore.dll
0x00007ffed5990000 - 0x00007ffed5a43000 	C:\Windows\system32\shcore.dll
0x00007ffed50f0000 - 0x00007ffed513a000 	C:\Windows\system32\powrprof.dll
0x00007ffed5150000 - 0x00007ffed5163000 	C:\Windows\system32\profapi.dll
0x0000000066c40000 - 0x0000000066dd8000 	C:\Program Files\Java\jdk1.8.0_141\jre\bin\awt.dll
0x00007ffed8600000 - 0x00007ffed86be000 	C:\Windows\system32\OLEAUT32.dll
0x00007ffed3840000 - 0x00007ffed38b8000 	C:\Windows\system32\apphelp.dll
0x00007ffed39c0000 - 0x00007ffed3a56000 	C:\Windows\system32\uxtheme.dll
0x00007ffed3000000 - 0x00007ffed3022000 	C:\Windows\system32\dwmapi.dll
0x00007ffed6a70000 - 0x00007ffed6bb1000 	C:\Windows\system32\ole32.dll
0x00007ffed4f10000 - 0x00007ffed4f7b000 	C:\Windows\SYSTEM32\bcryptPrimitives.dll
0x0000000067f50000 - 0x0000000067f97000 	C:\Program Files\Java\jdk1.8.0_141\jre\bin\fontmanager.dll
0x00007ffec26e0000 - 0x00007ffec2808000 	C:\Windows\system32\opengl32.dll
0x00007ffec26b0000 - 0x00007ffec26de000 	C:\Windows\SYSTEM32\GLU32.dll
0x00007ffeb14b0000 - 0x00007ffeb15a6000 	C:\Windows\SYSTEM32\DDRAW.dll
0x00007ffec26a0000 - 0x00007ffec26a8000 	C:\Windows\SYSTEM32\DCIMAN32.dll
0x00007ffeb6780000 - 0x00007ffeb6990000 	C:\Windows\system32\d3d9.dll
0x00007ffed2a20000 - 0x00007ffed2b87000 	C:\Windows\SYSTEM32\aticfx64.dll
0x00007ffec12a0000 - 0x00007ffec12c1000 	C:\Windows\SYSTEM32\atiu9p64.dll
0x00007ffeb5f20000 - 0x00007ffeb6779000 	C:\Windows\SYSTEM32\atiumd64.dll
0x0000000067680000 - 0x0000000067f08000 	C:\Windows\SYSTEM32\atiumd6a.dll
0x0000000067fc0000 - 0x0000000067fda000 	C:\Program Files\Java\jdk1.8.0_141\jre\bin\net.dll
0x00007ffed4960000 - 0x00007ffed49bd000 	C:\Windows\system32\mswsock.dll
0x0000000067fa0000 - 0x0000000067fb1000 	C:\Program Files\Java\jdk1.8.0_141\jre\bin\nio.dll
0x0000000019910000 - 0x000000001996a000 	C:\JOGLwin\lib64\jogl.dll
0x0000000064ca0000 - 0x0000000064d69000 	C:\Windows\WinSxS\amd64_microsoft.vc80.crt_1fc8b3b9a1e18e3b_8.0.50727.9185_none_88e323712fabe0b2\MSVCR80.dll
0x0000000064d70000 - 0x0000000064d77000 	C:\Program Files\Java\jdk1.8.0_141\jre\bin\jawt.dll
0x0000000019970000 - 0x0000000019977000 	C:\JOGLwin\lib64\jogl_awt.dll
0x00007ffed1ca0000 - 0x00007ffed1cb8000 	C:\Windows\SYSTEM32\atig6pxx.dll
0x0000000064d80000 - 0x0000000066b80000 	C:\Windows\SYSTEM32\atio6axx.dll
0x00007ffed6150000 - 0x00007ffed6315000 	C:\Windows\system32\SETUPAPI.dll
0x00007ffec12d0000 - 0x00007ffec1411000 	C:\Windows\SYSTEM32\atiadlxx.dll
0x00007ffed1430000 - 0x00007ffed15b3000 	C:\Windows\SYSTEM32\PROPSYS.dll
0x00007ffed31b0000 - 0x00007ffed31c3000 	C:\Windows\SYSTEM32\WTSAPI32.dll
0x00007ffed47b0000 - 0x00007ffed47cf000 	C:\Windows\SYSTEM32\USERENV.dll
0x00007ffed0640000 - 0x00007ffed0678000 	C:\Windows\SYSTEM32\IPHLPAPI.DLL
0x00007ffed0630000 - 0x00007ffed063b000 	C:\Windows\SYSTEM32\WINNSI.DLL
0x00007ffed5c80000 - 0x00007ffed5cd4000 	C:\Windows\system32\WINTRUST.dll
0x00007ffed5170000 - 0x00007ffed5181000 	C:\Windows\system32\MSASN1.dll
0x00007ffed57c0000 - 0x00007ffed5981000 	C:\Windows\system32\CRYPT32.dll
0x00007ffecd760000 - 0x00007ffecd78c000 	C:\Windows\SYSTEM32\atig6txx.dll
0x00007ffed60a0000 - 0x00007ffed6145000 	C:\Windows\system32\clbcatq.dll
0x00007ffed49c0000 - 0x00007ffed49d7000 	C:\Windows\SYSTEM32\CRYPTSP.dll
0x00007ffed5020000 - 0x00007ffed5048000 	C:\Windows\SYSTEM32\bcrypt.dll
0x00007ffed4610000 - 0x00007ffed4643000 	C:\Windows\system32\rsaenh.dll
0x00007ffed4b30000 - 0x00007ffed4b3b000 	C:\Windows\SYSTEM32\CRYPTBASE.dll
0x00007ffecffa0000 - 0x00007ffecffb6000 	C:\Windows\SYSTEM32\dhcpcsvc6.DLL
0x00007ffed02a0000 - 0x00007ffed02ba000 	C:\Windows\SYSTEM32\dhcpcsvc.DLL

VM Arguments:
jvm_args: -Dfile.encoding=UTF-8 -Djava.library.path=C:\JOGLwin\lib64 
java_command: Texture.Anim
java_class_path (initial): C:\JOGLwin\lib32\gluegen-rt.jar;C:\JOGLwin\lib32\jogl.jar;C:\JOGLwin\lib64\gluegen-rt.jar;C:\JOGLwin\lib64\jogl.jar;E:\study\project\ChickenEggs\build\classes
Launcher Type: SUN_STANDARD

Environment Variables:
PATH=C:\Windows\system32;C:\Windows;C:\Windows\System32\Wbem;C:\Windows\System32\WindowsPowerShell\v1.0\;C:\Program Files (x86)\ATI Technologies\ATI.ACE\Core-Static;C:\Program Files (x86)\Microsoft SQL Server\110\Tools\Binn\;C:\Program Files\Microsoft SQL Server\110\Tools\Binn\;C:\Program Files\Microsoft SQL Server\110\DTS\Binn\;C:\Program Files (x86)\Microsoft SQL Server\110\Tools\Binn\ManagementStudio\;C:\Program Files (x86)\Microsoft SQL Server\110\DTS\Binn\;C:\Program Files\nodejs\;C:\Program Files (x86)\Brackets\command;E:\7agt matlab\runtime\win64;E:\7agt matlab\bin;;C:\Program Files (x86)\Microsoft VS Code\bin;C:\Users\ahmed\AppData\Roaming\npm
USERNAME=ahmed
OS=Windows_NT
PROCESSOR_IDENTIFIER=AMD64 Family 21 Model 16 Stepping 1, AuthenticAMD



---------------  S Y S T E M  ---------------

OS: Windows 10.0 , 64 bit Build 10240 (10.0.10240.16384)

CPU:total 4 (initial active 4) (4 cores per cpu, 1 threads per core) family 21 model 16 stepping 1, cmov, cx8, fxsr, mmx, sse, sse2, sse3, ssse3, sse4.1, sse4.2, popcnt, avx, aes, clmul, mmxext, 3dnowpref, lzcnt, sse4a, tsc, tscinvbit, tscinv, bmi1

Memory: 4k page, physical 5735760k(975300k free), swap 8287816k(3784k free)

vm_info: Java HotSpot(TM) 64-Bit Server VM (25.141-b15) for windows-amd64 JRE (1.8.0_141-b15), built on Jul 12 2017 04:25:12 by "java_re" with MS VC++ 10.0 (VS2010)

time: Fri Dec 15 20:45:31 2017
elapsed time: 3 seconds (0d 0h 0m 3s)

