#
# A fatal error has been detected by the Java Runtime Environment:
#
#  EXCEPTION_ACCESS_VIOLATION (0xc0000005) at pc=0x0000000180011f62, pid=8948, tid=0x0000000000002360
#
# JRE version: Java(TM) SE Runtime Environment (8.0_102-b14) (build 1.8.0_102-b14)
# Java VM: Java HotSpot(TM) 64-Bit Server VM (25.102-b14 mixed mode windows-amd64 compressed oops)
# Problematic frame:
# C  [ig4icd64.dll+0x11f62]
#
# Failed to write core dump. Minidumps are not enabled by default on client versions of Windows
#
# If you would like to submit a bug report, please visit:
#   http://bugreport.java.com/bugreport/crash.jsp
# The crash happened outside the Java Virtual Machine in native code.
# See problematic frame for where to report the bug.
#

---------------  T H R E A D  ---------------

Current thread (0x0000000056b40000):  JavaThread "AWT-EventQueue-0" [_thread_in_native, id=9056, stack(0x0000000058d90000,0x0000000058e90000)]

siginfo: ExceptionCode=0xc0000005, reading address 0x000000015b2d5cf0

Registers:
RAX=0x00000000fffffff0, RBX=0x000000005a04cca0, RCX=0x000000005b2d5d00, RDX=0x000000015b2d5cf0
RSP=0x0000000058e8ce30, RBP=0x000000015b2d5cf0, RSI=0x0000000000000000, RDI=0x000000005a04ba30
R8 =0x0000000000000010, R9 =0x0000000000000000, R10=0x0000000000000000, R11=0x0000000000000001
R12=0x000000005a04dd60, R13=0x0000000000000000, R14=0x0000000000000001, R15=0x000000005a04ba30
RIP=0x0000000180011f62, EFLAGS=0x0000000000010202

Top of Stack: (sp=0x0000000058e8ce30)
0x0000000058e8ce30:   0000000000000000 0000000000000000
0x0000000058e8ce40:   0000000000000000 0000000000000000
0x0000000058e8ce50:   0000000000000000 0000000000000000
0x0000000058e8ce60:   0000000000000000 0000000000000000
0x0000000058e8ce70:   000000005a040080 000000018009f2c8
0x0000000058e8ce80:   000000005a040080 000007fef0a90000
0x0000000058e8ce90:   0000000058e8cea8 0000000000000000
0x0000000058e8cea0:   0000000058e8cf18 000000005a04cca0
0x0000000058e8ceb0:   0000000058e8cea8 0000000059056200
0x0000000058e8cec0:   0000000000000000 000000005a040080
0x0000000058e8ced0:   0000000000080038 000000005a040080
0x0000000058e8cee0:   0000000056b40000 0000000058e8d180
0x0000000058e8cef0:   0000000020010b53 000000018009fd92
0x0000000058e8cf00:   000000005a040080 00000000ffffffff
0x0000000058e8cf10:   0000000000000001 00000000ffffffff
0x0000000058e8cf20:   0000000000000000 000000018003be28 

Instructions: (pc=0x0000000180011f62)
0x0000000180011f42:   00 49 81 f8 80 00 00 00 73 37 45 33 c9 4d 8b d8
0x0000000180011f52:   49 c1 eb 04 45 8b d1 4d 85 db 0f 84 24 02 00 00
0x0000000180011f62:   f3 0f 6f 02 41 ff c2 48 83 c1 10 41 8b c2 48 83
0x0000000180011f72:   c2 10 f3 0f 7f 41 f0 49 3b c3 72 e4 e9 03 02 00 


Register to memory mapping:

RAX=0x00000000fffffff0 is an unallocated location in the heap
RBX=0x000000005a04cca0 is an unknown value
RCX=0x000000005b2d5d00 is an unknown value
RDX=0x000000015b2d5cf0 is an unknown value
RSP=0x0000000058e8ce30 is pointing into the stack for thread: 0x0000000056b40000
RBP=0x000000015b2d5cf0 is an unknown value
RSI=0x0000000000000000 is an unknown value
RDI=0x000000005a04ba30 is an unknown value
R8 =0x0000000000000010 is an unknown value
R9 =0x0000000000000000 is an unknown value
R10=0x0000000000000000 is an unknown value
R11=0x0000000000000001 is an unknown value
R12=0x000000005a04dd60 is an unknown value
R13=0x0000000000000000 is an unknown value
R14=0x0000000000000001 is an unknown value
R15=0x000000005a04ba30 is an unknown value


Stack: [0x0000000058d90000,0x0000000058e90000],  sp=0x0000000058e8ce30,  free space=1011k
Native frames: (J=compiled Java code, j=interpreted, Vv=VM code, C=native code)
C  [ig4icd64.dll+0x11f62]
C  [ig4icd64.dll+0x9f2c8]
C  [ig4icd64.dll+0x9fd92]
C  [ig4icd64.dll+0x3be28]
C  [ig4icd64.dll+0x73c416]
C  [OPENGL32.dll+0x3abee]
C  [GDI32.dll+0x39dfb]
C  [jogl.dll+0x1a1e]
C  0x0000000002845c54

Java frames: (J=compiled Java code, j=interpreted, Vv=VM code)
j  com.sun.opengl.impl.windows.WGL.SwapBuffers(J)Z+0
j  com.sun.opengl.impl.windows.WindowsOnscreenGLDrawable.swapBuffers()V+38
j  com.sun.opengl.impl.GLDrawableHelper.invokeGL(Ljavax/media/opengl/GLDrawable;Ljavax/media/opengl/GLContext;Ljava/lang/Runnable;Ljava/lang/Runnable;)V+435
j  javax.media.opengl.GLCanvas.maybeDoSingleThreadedWorkaround(Ljava/lang/Runnable;Ljava/lang/Runnable;)V+36
j  javax.media.opengl.GLCanvas.display()V+9
j  javax.media.opengl.GLCanvas.paint(Ljava/awt/Graphics;)V+125
j  javax.media.opengl.GLCanvas.update(Ljava/awt/Graphics;)V+2
j  sun.awt.RepaintArea.updateComponent(Ljava/awt/Component;Ljava/awt/Graphics;)V+6
j  sun.awt.RepaintArea.paint(Ljava/lang/Object;Z)V+263
j  sun.awt.windows.WComponentPeer.handleEvent(Ljava/awt/AWTEvent;)V+155
J 602 C1 java.awt.Component.dispatchEventImpl(Ljava/awt/AWTEvent;)V (883 bytes) @ 0x0000000002a80594 [0x0000000002a79300+0x7294]
J 589 C1 java.awt.Component.dispatchEvent(Ljava/awt/AWTEvent;)V (6 bytes) @ 0x0000000002a718fc [0x0000000002a71800+0xfc]
j  java.awt.EventQueue.dispatchEventImpl(Ljava/awt/AWTEvent;Ljava/lang/Object;)V+41
j  java.awt.EventQueue.access$500(Ljava/awt/EventQueue;Ljava/awt/AWTEvent;Ljava/lang/Object;)V+3
j  java.awt.EventQueue$3.run()Ljava/lang/Void;+32
j  java.awt.EventQueue$3.run()Ljava/lang/Object;+1
v  ~StubRoutines::call_stub
J 518  java.security.AccessController.doPrivileged(Ljava/security/PrivilegedAction;Ljava/security/AccessControlContext;)Ljava/lang/Object; (0 bytes) @ 0x0000000002a52d66 [0x0000000002a52d00+0x66]
J 607 C1 java.awt.EventQueue$4.run()Ljava/lang/Object; (5 bytes) @ 0x0000000002aa9d6c [0x0000000002aa9940+0x42c]
v  ~StubRoutines::call_stub
J 518  java.security.AccessController.doPrivileged(Ljava/security/PrivilegedAction;Ljava/security/AccessControlContext;)Ljava/lang/Object; (0 bytes) @ 0x0000000002a52d66 [0x0000000002a52d00+0x66]
J 557 C1 java.awt.EventQueue.dispatchEvent(Ljava/awt/AWTEvent;)V (80 bytes) @ 0x0000000002a63034 [0x0000000002a62200+0xe34]
j  java.awt.EventDispatchThread.pumpOneEventForFilters(I)V+245
j  java.awt.EventDispatchThread.pumpEventsForFilter(ILjava/awt/Conditional;Ljava/awt/EventFilter;)V+35
j  java.awt.EventDispatchThread.pumpEventsForHierarchy(ILjava/awt/Conditional;Ljava/awt/Component;)V+11
j  java.awt.EventDispatchThread.pumpEvents(ILjava/awt/Conditional;)V+4
j  java.awt.EventDispatchThread.pumpEvents(Ljava/awt/Conditional;)V+3
j  java.awt.EventDispatchThread.run()V+9
v  ~StubRoutines::call_stub

---------------  P R O C E S S  ---------------

Java Threads: ( => current thread )
  0x0000000056b40800 JavaThread "DestroyJavaVM" [_thread_blocked, id=8984, stack(0x0000000002460000,0x0000000002560000)]
=>0x0000000056b40000 JavaThread "AWT-EventQueue-0" [_thread_in_native, id=9056, stack(0x0000000058d90000,0x0000000058e90000)]
  0x00000000569df800 JavaThread "AWT-Windows" daemon [_thread_in_native, id=9052, stack(0x0000000057600000,0x0000000057700000)]
  0x000000005605f000 JavaThread "AWT-Shutdown" [_thread_blocked, id=9048, stack(0x0000000057490000,0x0000000057590000)]
  0x00000000569de800 JavaThread "Java2D Disposer" daemon [_thread_blocked, id=9044, stack(0x0000000057360000,0x0000000057460000)]
  0x000000005464f800 JavaThread "Service Thread" daemon [_thread_blocked, id=9036, stack(0x0000000056740000,0x0000000056840000)]
  0x0000000055c7b800 JavaThread "C1 CompilerThread2" daemon [_thread_blocked, id=9032, stack(0x00000000565d0000,0x00000000566d0000)]
  0x0000000055c7a000 JavaThread "C2 CompilerThread1" daemon [_thread_blocked, id=9028, stack(0x00000000563e0000,0x00000000564e0000)]
  0x0000000055c66000 JavaThread "C2 CompilerThread0" daemon [_thread_blocked, id=9024, stack(0x00000000560c0000,0x00000000561c0000)]
  0x0000000055c62800 JavaThread "Attach Listener" daemon [_thread_blocked, id=9020, stack(0x00000000559f0000,0x0000000055af0000)]
  0x0000000054649000 JavaThread "Signal Dispatcher" daemon [_thread_blocked, id=9016, stack(0x00000000561c0000,0x00000000562c0000)]
  0x000000005462a800 JavaThread "Finalizer" daemon [_thread_blocked, id=9012, stack(0x0000000055b60000,0x0000000055c60000)]
  0x00000000545e3800 JavaThread "Reference Handler" daemon [_thread_blocked, id=9008, stack(0x00000000558f0000,0x00000000559f0000)]

Other Threads:
  0x00000000545dc000 VMThread [stack: 0x00000000556a0000,0x00000000557a0000] [id=9004]
  0x0000000055d1b000 WatcherThread [stack: 0x00000000568b0000,0x00000000569b0000] [id=9040]

VM state:not at safepoint (normal execution)

VM Mutex/Monitor currently owned by a thread: None

Heap:
 PSYoungGen      total 13824K, used 11014K [0x00000000f0b80000, 0x00000000f1a80000, 0x0000000100000000)
  eden space 12288K, 89% used [0x00000000f0b80000,0x00000000f1641a30,0x00000000f1780000)
  from space 1536K, 0% used [0x00000000f1900000,0x00000000f1900000,0x00000000f1a80000)
  to   space 1536K, 0% used [0x00000000f1780000,0x00000000f1780000,0x00000000f1900000)
 ParOldGen       total 31744K, used 0K [0x00000000d2200000, 0x00000000d4100000, 0x00000000f0b80000)
  object space 31744K, 0% used [0x00000000d2200000,0x00000000d2200000,0x00000000d4100000)
 Metaspace       used 11519K, capacity 11664K, committed 11904K, reserved 1060864K
  class space    used 1271K, capacity 1334K, committed 1408K, reserved 1048576K

Card table byte_map: [0x0000000011bf0000,0x0000000011d60000] byte_map_base: 0x000000001155f000

Marking Bits: (ParMarkBitMap*) 0x000000006d53a6c0
 Begin Bits: [0x0000000012560000, 0x00000000130d8000)
 End Bits:   [0x00000000130d8000, 0x0000000013c50000)

Polling page: 0x0000000000150000

CodeCache: size=245760Kb used=2542Kb max_used=2542Kb free=243217Kb
 bounds [0x0000000002830000, 0x0000000002ab0000, 0x0000000011830000]
 total_blobs=1260 nmethods=618 adapters=556
 compilation: enabled

Compilation events (10 events):
Event: 7.193 Thread 0x0000000055c7b800  614       3       javax.swing.JComponent::getHeight (5 bytes)
Event: 7.193 Thread 0x0000000055c7b800 nmethod 614 0x0000000002aaae10 code [0x0000000002aaaf60, 0x0000000002aab0d0]
Event: 7.262 Thread 0x0000000055c7b800  615       3       java.util.concurrent.locks.ReentrantLock$NonfairSync::tryAcquire (6 bytes)
Event: 7.263 Thread 0x0000000055c7b800 nmethod 615 0x0000000002aab150 code [0x0000000002aab2c0, 0x0000000002aab4c8]
Event: 7.263 Thread 0x0000000055c7b800  616       3       java.util.concurrent.locks.ReentrantLock$Sync::nonfairTryAcquire (67 bytes)
Event: 7.264 Thread 0x0000000055c7b800 nmethod 616 0x0000000002aab550 code [0x0000000002aab6e0, 0x0000000002aabe08]
Event: 7.539 Thread 0x0000000055c7b800  617       1       sun.util.locale.StringTokenIterator::isDone (5 bytes)
Event: 7.540 Thread 0x0000000055c7b800 nmethod 617 0x0000000002aabf90 code [0x0000000002aac0e0, 0x0000000002aac1f0]
Event: 7.542 Thread 0x0000000055c7b800  618       1       java.awt.RenderingHints$Key::intKey (5 bytes)
Event: 7.542 Thread 0x0000000055c7b800 nmethod 618 0x0000000002aac250 code [0x0000000002aac3a0, 0x0000000002aac4b0]

GC Heap History (0 events):
No events

Deoptimization events (0 events):
No events

Internal exceptions (10 events):
Event: 0.081 Thread 0x000000000041d800 Exception <a 'java/lang/NoSuchMethodError': Method sun.misc.Unsafe.defineClass(Ljava/lang/String;[BII)Ljava/lang/Class; name or signature does not match> (0x00000000f0b87c78) thrown at [C:\re\workspace\8-2-build-windows-amd64-cygwin\jdk8u102\7268\hotspot\s!¨<Æ´?
Event: 0.081 Thread 0x000000000041d800 Exception <a 'java/lang/NoSuchMethodError': Method sun.misc.Unsafe.prefetchRead(Ljava/lang/Object;J)V name or signature does not match> (0x00000000f0b87f60) thrown at [C:\re\workspace\8-2-build-windows-amd64-cygwin\jdk8u102\7268\hotspot\src\share\vm\prims\›1
Event: 0.256 Thread 0x000000000041d800 Exception <a 'java/security/PrivilegedActionException'> (0x00000000f0c78f18) thrown at [C:\re\workspace\8-2-build-windows-amd64-cygwin\jdk8u102\7268\hotspot\src\share\vm\prims\jvm.cpp, line 1386]
Event: 0.256 Thread 0x000000000041d800 Exception <a 'java/security/PrivilegedActionException'> (0x00000000f0c79128) thrown at [C:\re\workspace\8-2-build-windows-amd64-cygwin\jdk8u102\7268\hotspot\src\share\vm\prims\jvm.cpp, line 1386]
Event: 0.257 Thread 0x000000000041d800 Exception <a 'java/security/PrivilegedActionException'> (0x00000000f0c7d058) thrown at [C:\re\workspace\8-2-build-windows-amd64-cygwin\jdk8u102\7268\hotspot\src\share\vm\prims\jvm.cpp, line 1386]
Event: 0.257 Thread 0x000000000041d800 Exception <a 'java/security/PrivilegedActionException'> (0x00000000f0c7d268) thrown at [C:\re\workspace\8-2-build-windows-amd64-cygwin\jdk8u102\7268\hotspot\src\share\vm\prims\jvm.cpp, line 1386]
Event: 0.263 Thread 0x000000000041d800 Exception <a 'java/io/FileNotFoundException'> (0x00000000f0c7f6e0) thrown at [C:\re\workspace\8-2-build-windows-amd64-cygwin\jdk8u102\7268\hotspot\src\share\vm\prims\jni.cpp, line 709]
Event: 0.346 Thread 0x000000000041d800 Exception <a 'java/lang/NoSuchFieldError': method resolution failed> (0x00000000f0d4cf00) thrown at [C:\re\workspace\8-2-build-windows-amd64-cygwin\jdk8u102\7268\hotspot\src\share\vm\prims\methodHandles.cpp, line 1146]
Event: 0.349 Thread 0x000000000041d800 Exception <a 'java/lang/NoSuchFieldError': method resolution failed> (0x00000000f0d5a2d0) thrown at [C:\re\workspace\8-2-build-windows-amd64-cygwin\jdk8u102\7268\hotspot\src\share\vm\prims\methodHandles.cpp, line 1146]
Event: 0.438 Thread 0x000000000041d800 Exception <a 'java/io/FileNotFoundException'> (0x00000000f0deea20) thrown at [C:\re\workspace\8-2-build-windows-amd64-cygwin\jdk8u102\7268\hotspot\src\share\vm\prims\jni.cpp, line 709]

Events (10 events):
Event: 3.774 loading class java/awt/Toolkit$SelectiveAWTEventListener
Event: 3.774 loading class java/awt/Toolkit$SelectiveAWTEventListener done
Event: 3.774 loading class java/awt/Toolkit$ToolkitEventMulticaster
Event: 3.775 loading class java/awt/Toolkit$ToolkitEventMulticaster done
Event: 4.191 loading class javax/swing/event/ChangeEvent
Event: 4.192 loading class javax/swing/event/ChangeEvent done
Event: 4.219 Executing VM operation: EnableBiasedLocking
Event: 4.219 Executing VM operation: EnableBiasedLocking done
Event: 7.216 loading class java/awt/LightweightDispatcher$2
Event: 7.217 loading class java/awt/LightweightDispatcher$2 done


Dynamic libraries:
0x000000013f490000 - 0x000000013f4c7000 	C:\Program Files\Java\jdk1.8.0_102\bin\java.exe
0x0000000077b50000 - 0x0000000077cfa000 	C:\Windows\SYSTEM32\ntdll.dll
0x000007fef1830000 - 0x000007fef1864000 	C:\Program Files\AVAST Software\Avast\x64\aswhooka.dll
0x0000000077930000 - 0x0000000077a4f000 	C:\Windows\system32\kernel32.dll
0x000007fefd870000 - 0x000007fefd8da000 	C:\Windows\system32\KERNELBASE.dll
0x000007fefe540000 - 0x000007fefe61b000 	C:\Windows\system32\ADVAPI32.dll
0x000007fefedb0000 - 0x000007fefee4f000 	C:\Windows\system32\msvcrt.dll
0x000007fefe620000 - 0x000007fefe63f000 	C:\Windows\SYSTEM32\sechost.dll
0x000007fefe060000 - 0x000007fefe18d000 	C:\Windows\system32\RPCRT4.dll
0x0000000077a50000 - 0x0000000077b4a000 	C:\Windows\system32\USER32.dll
0x000007fefeb80000 - 0x000007fefebe7000 	C:\Windows\system32\GDI32.dll
0x000007fefdee0000 - 0x000007fefdeee000 	C:\Windows\system32\LPK.dll
0x000007fefdf90000 - 0x000007fefe05b000 	C:\Windows\system32\USP10.dll
0x000007fefbed0000 - 0x000007fefc0c4000 	C:\Windows\WinSxS\amd64_microsoft.windows.common-controls_6595b64144ccf1df_6.0.7601.18837_none_fa3b1e3d17594757\COMCTL32.dll
0x000007fefec10000 - 0x000007fefec81000 	C:\Windows\system32\SHLWAPI.dll
0x000007fefe4c0000 - 0x000007fefe4ee000 	C:\Windows\system32\IMM32.DLL
0x000007fefeca0000 - 0x000007fefeda9000 	C:\Windows\system32\MSCTF.dll
0x000000006f810000 - 0x000000006f8e1000 	C:\Program Files\Java\jdk1.8.0_102\jre\bin\msvcr100.dll
0x000000006cd20000 - 0x000000006d5ba000 	C:\Program Files\Java\jdk1.8.0_102\jre\bin\server\jvm.dll
0x000007fef43a0000 - 0x000007fef43a9000 	C:\Windows\system32\WSOCK32.dll
0x000007fefe4f0000 - 0x000007fefe53d000 	C:\Windows\system32\WS2_32.dll
0x000007fefec90000 - 0x000007fefec98000 	C:\Windows\system32\NSI.dll
0x000007fefb0a0000 - 0x000007fefb0db000 	C:\Windows\system32\WINMM.dll
0x000007fefc920000 - 0x000007fefc92c000 	C:\Windows\system32\VERSION.dll
0x0000000077d20000 - 0x0000000077d27000 	C:\Windows\system32\PSAPI.DLL
0x0000000075570000 - 0x000000007557f000 	C:\Program Files\Java\jdk1.8.0_102\jre\bin\verify.dll
0x0000000074d70000 - 0x0000000074d99000 	C:\Program Files\Java\jdk1.8.0_102\jre\bin\java.dll
0x0000000074720000 - 0x0000000074736000 	C:\Program Files\Java\jdk1.8.0_102\jre\bin\zip.dll
0x000007fefeef0000 - 0x000007feffc7a000 	C:\Windows\system32\SHELL32.dll
0x000007fefdce0000 - 0x000007fefdedc000 	C:\Windows\system32\ole32.dll
0x000007fefd840000 - 0x000007fefd84f000 	C:\Windows\system32\profapi.dll
0x000000006f470000 - 0x000000006f608000 	C:\Program Files\Java\jdk1.8.0_102\jre\bin\awt.dll
0x000007fefdc00000 - 0x000007fefdcda000 	C:\Windows\system32\OLEAUT32.dll
0x000007fefb680000 - 0x000007fefb698000 	C:\Windows\system32\DWMAPI.DLL
0x000007fefbe20000 - 0x000007fefbe76000 	C:\Windows\system32\uxtheme.dll
0x000007fefd6e0000 - 0x000007fefd6ef000 	C:\Windows\system32\CRYPTBASE.dll
0x000007fef44b0000 - 0x000007fef44c9000 	C:\Program Files (x86)\Smadav\SmadHook64.dll
0x00000000022c0000 - 0x000000000231a000 	C:\JOGLwin\lib64\jogl.dll
0x000007fef0a90000 - 0x000007fef0bad000 	C:\Windows\system32\OPENGL32.dll
0x000007fef3220000 - 0x000007fef324d000 	C:\Windows\system32\GLU32.dll
0x000007fef0990000 - 0x000007fef0a81000 	C:\Windows\system32\DDRAW.dll
0x000007fefb390000 - 0x000007fefb398000 	C:\Windows\system32\DCIMAN32.dll
0x000007feffc80000 - 0x000007feffe57000 	C:\Windows\system32\SETUPAPI.dll
0x000007fefdab0000 - 0x000007fefdae6000 	C:\Windows\system32\CFGMGR32.dll
0x000007fefdba0000 - 0x000007fefdbba000 	C:\Windows\system32\DEVOBJ.dll
0x000000006f2d0000 - 0x000000006f399000 	C:\Windows\WinSxS\amd64_microsoft.vc80.crt_1fc8b3b9a1e18e3b_8.0.50727.4940_none_88df89932faf0bf6\MSVCR80.dll
0x0000000071870000 - 0x00000000718b7000 	C:\Program Files\Java\jdk1.8.0_102\jre\bin\fontmanager.dll
0x00000000718e0000 - 0x00000000718fa000 	C:\Program Files\Java\jdk1.8.0_102\jre\bin\net.dll
0x000007fefd010000 - 0x000007fefd065000 	C:\Windows\system32\mswsock.dll
0x000007fefd000000 - 0x000007fefd007000 	C:\Windows\System32\wship6.dll
0x00000000718c0000 - 0x00000000718d1000 	C:\Program Files\Java\jdk1.8.0_102\jre\bin\nio.dll
0x000000006f980000 - 0x000000006f9c2000 	C:\Program Files\Java\jdk1.8.0_102\jre\bin\t2k.dll
0x00000000749d0000 - 0x00000000749d7000 	C:\Program Files\Java\jdk1.8.0_102\jre\bin\jawt.dll
0x0000000000420000 - 0x0000000000427000 	C:\JOGLwin\lib64\jogl_awt.dll
0x0000000180000000 - 0x00000001811f2000 	C:\Windows\system32\ig4icd64.dll
0x000007fef40a0000 - 0x000007fef41c5000 	C:\Windows\system32\dbghelp.dll

VM Arguments:
jvm_args: -Dfile.encoding=UTF-8 -Djava.library.path=C:\JOGLwin\lib64 
java_command: lab5programs.SimplePaint
java_class_path (initial): C:\JOGLwin\lib32\gluegen-rt.jar;C:\JOGLwin\lib32\jogl.jar;C:\JOGLwin\lib64\gluegen-rt.jar;C:\JOGLwin\lib64\jogl.jar;D:\Science\Recent Term\(CS304)Computer Graphics\lab5\lab5programs\build\classes
Launcher Type: SUN_STANDARD

Environment Variables:
PATH=C:\ProgramData\Oracle\Java\javapath;C:\Windows\system32;C:\Windows;C:\Windows\System32\Wbem;C:\Windows\System32\WindowsPowerShell\v1.0\;C:\Program Files (x86)\Skype\Phone\
USERNAME=Moh
OS=Windows_NT
PROCESSOR_IDENTIFIER=Intel64 Family 6 Model 37 Stepping 2, GenuineIntel



---------------  S Y S T E M  ---------------

OS: Windows 7 , 64 bit Build 7601 (6.1.7601.23915)

CPU:total 4 (2 cores per cpu, 2 threads per core) family 6 model 37 stepping 2, cmov, cx8, fxsr, mmx, sse, sse2, sse3, ssse3, sse4.1, sse4.2, popcnt, ht, tsc, tscinvbit

Memory: 4k page, physical 3004272k(897776k free), swap 6006684k(3718800k free)

vm_info: Java HotSpot(TM) 64-Bit Server VM (25.102-b14) for windows-amd64 JRE (1.8.0_102-b14), built on Jun 22 2016 13:15:21 by "java_re" with MS VC++ 10.0 (VS2010)

time: Fri Nov 24 15:57:20 2017
elapsed time: 7 seconds (0d 0h 0m 7s)

