#
# A fatal error has been detected by the Java Runtime Environment:
#
#  EXCEPTION_ACCESS_VIOLATION (0xc0000005) at pc=0x0000000180011f62, pid=2444, tid=0x0000000000001d7c
#
# JRE version: Java(TM) SE Runtime Environment (8.0_102-b14) (build 1.8.0_102-b14)
# Java VM: Java HotSpot(TM) 64-Bit Server VM (25.102-b14 mixed mode windows-amd64 compressed oops)
# Problematic frame:
# C  [ig4icd64.dll+0x11f62]
#
# Failed to write core dump. Minidumps are not enabled by default on client versions of Windows
#
# If you would like to submit a bug report, please visit:
#   http://bugreport.java.com/bugreport/crash.jsp
# The crash happened outside the Java Virtual Machine in native code.
# See problematic frame for where to report the bug.
#

---------------  T H R E A D  ---------------

Current thread (0x000000005741a000):  JavaThread "AWT-EventQueue-0" [_thread_in_native, id=7548, stack(0x0000000058c10000,0x0000000058d10000)]

siginfo: ExceptionCode=0xc0000005, reading address 0x000000015b215cb0

Registers:
RAX=0x00000000fffffff0, RBX=0x0000000059f8cca0, RCX=0x000000005b215cc0, RDX=0x000000015b215cb0
RSP=0x0000000058d0ca00, RBP=0x000000015b215cb0, RSI=0x0000000000000000, RDI=0x0000000059f8ba30
R8 =0x0000000000000010, R9 =0x0000000000000000, R10=0x0000000000000000, R11=0x0000000000000001
R12=0x0000000059f8dd60, R13=0x0000000000000000, R14=0x0000000000000001, R15=0x0000000059f8ba30
RIP=0x0000000180011f62, EFLAGS=0x0000000000010202

Top of Stack: (sp=0x0000000058d0ca00)
0x0000000058d0ca00:   0000000000000000 0000000000000000
0x0000000058d0ca10:   0000000000000000 0000000000000000
0x0000000058d0ca20:   0000000000000000 0000000000000000
0x0000000058d0ca30:   0000000000000000 0000000000000000
0x0000000058d0ca40:   0000000059f80080 000000018009f2c8
0x0000000058d0ca50:   0000000059f80080 000007fef0a90000
0x0000000058d0ca60:   0000000058d0ca78 0000000000000000
0x0000000058d0ca70:   0000000058d0cae8 0000000059f8cca0
0x0000000058d0ca80:   0000000058d0ca78 0000000058ec6200
0x0000000058d0ca90:   0000000000000000 0000000059f80080
0x0000000058d0caa0:   0000000000080038 0000000059f80080
0x0000000058d0cab0:   000000005741a000 0000000058d0cd50
0x0000000058d0cac0:   000000000a010bc7 000000018009fd92
0x0000000058d0cad0:   0000000059f80080 00000000ffffffff
0x0000000058d0cae0:   0000000000000001 00000000ffffffff
0x0000000058d0caf0:   0000000000000000 000000018003be28 

Instructions: (pc=0x0000000180011f62)
0x0000000180011f42:   00 49 81 f8 80 00 00 00 73 37 45 33 c9 4d 8b d8
0x0000000180011f52:   49 c1 eb 04 45 8b d1 4d 85 db 0f 84 24 02 00 00
0x0000000180011f62:   f3 0f 6f 02 41 ff c2 48 83 c1 10 41 8b c2 48 83
0x0000000180011f72:   c2 10 f3 0f 7f 41 f0 49 3b c3 72 e4 e9 03 02 00 


Register to memory mapping:

RAX=0x00000000fffffff0 is an unallocated location in the heap
RBX=0x0000000059f8cca0 is an unknown value
RCX=0x000000005b215cc0 is an unknown value
RDX=0x000000015b215cb0 is an unknown value
RSP=0x0000000058d0ca00 is pointing into the stack for thread: 0x000000005741a000
RBP=0x000000015b215cb0 is an unknown value
RSI=0x0000000000000000 is an unknown value
RDI=0x0000000059f8ba30 is an unknown value
R8 =0x0000000000000010 is an unknown value
R9 =0x0000000000000000 is an unknown value
R10=0x0000000000000000 is an unknown value
R11=0x0000000000000001 is an unknown value
R12=0x0000000059f8dd60 is an unknown value
R13=0x0000000000000000 is an unknown value
R14=0x0000000000000001 is an unknown value
R15=0x0000000059f8ba30 is an unknown value


Stack: [0x0000000058c10000,0x0000000058d10000],  sp=0x0000000058d0ca00,  free space=1010k
Native frames: (J=compiled Java code, j=interpreted, Vv=VM code, C=native code)
C  [ig4icd64.dll+0x11f62]
C  [ig4icd64.dll+0x9f2c8]
C  [ig4icd64.dll+0x9fd92]
C  [ig4icd64.dll+0x3be28]
C  [ig4icd64.dll+0x73c416]
C  [OPENGL32.dll+0x3abee]
C  [GDI32.dll+0x39dfb]
C  [jogl.dll+0x1a1e]
C  0x0000000002985c54

Java frames: (J=compiled Java code, j=interpreted, Vv=VM code)
j  com.sun.opengl.impl.windows.WGL.SwapBuffers(J)Z+0
j  com.sun.opengl.impl.windows.WindowsOnscreenGLDrawable.swapBuffers()V+38
j  com.sun.opengl.impl.GLDrawableHelper.invokeGL(Ljavax/media/opengl/GLDrawable;Ljavax/media/opengl/GLContext;Ljava/lang/Runnable;Ljava/lang/Runnable;)V+435
j  javax.media.opengl.GLCanvas.maybeDoSingleThreadedWorkaround(Ljava/lang/Runnable;Ljava/lang/Runnable;)V+36
j  javax.media.opengl.GLCanvas.display()V+9
j  javax.media.opengl.GLCanvas.paint(Ljava/awt/Graphics;)V+125
j  javax.media.opengl.GLCanvas.update(Ljava/awt/Graphics;)V+2
j  sun.awt.RepaintArea.updateComponent(Ljava/awt/Component;Ljava/awt/Graphics;)V+6
j  sun.awt.RepaintArea.paint(Ljava/lang/Object;Z)V+263
J 623 C1 sun.awt.windows.WComponentPeer.handleEvent(Ljava/awt/AWTEvent;)V (173 bytes) @ 0x0000000002bf7014 [0x0000000002bf6180+0xe94]
J 609 C1 java.awt.Component.dispatchEventImpl(Ljava/awt/AWTEvent;)V (883 bytes) @ 0x0000000002bc9894 [0x0000000002bc2600+0x7294]
J 600 C1 java.awt.Component.dispatchEvent(Ljava/awt/AWTEvent;)V (6 bytes) @ 0x0000000002bbf0fc [0x0000000002bbf000+0xfc]
j  java.awt.EventQueue.dispatchEventImpl(Ljava/awt/AWTEvent;Ljava/lang/Object;)V+41
J 627 C1 java.awt.EventQueue$3.run()Ljava/lang/Void; (60 bytes) @ 0x0000000002bf5a84 [0x0000000002bf5880+0x204]
J 626 C1 java.awt.EventQueue$3.run()Ljava/lang/Object; (5 bytes) @ 0x0000000002bf550c [0x0000000002bf5480+0x8c]
v  ~StubRoutines::call_stub
J 551  java.security.AccessController.doPrivileged(Ljava/security/PrivilegedAction;Ljava/security/AccessControlContext;)Ljava/lang/Object; (0 bytes) @ 0x0000000002ba2ba6 [0x0000000002ba2b40+0x66]
J 530 C1 java.security.ProtectionDomain$JavaSecurityAccessImpl.doIntersectionPrivilege(Ljava/security/PrivilegedAction;Ljava/security/AccessControlContext;Ljava/security/AccessControlContext;)Ljava/lang/Object; (22 bytes) @ 0x0000000002b9c314 [0x0000000002b9bec0+0x454]
j  java.security.ProtectionDomain$JavaSecurityAccessImpl.doIntersectionPrivilege(Ljava/security/PrivilegedAction;Ljava/security/AccessControlContext;)Ljava/lang/Object;+6
j  java.awt.EventQueue$4.run()Ljava/lang/Void;+11
j  java.awt.EventQueue$4.run()Ljava/lang/Object;+1
v  ~StubRoutines::call_stub
J 551  java.security.AccessController.doPrivileged(Ljava/security/PrivilegedAction;Ljava/security/AccessControlContext;)Ljava/lang/Object; (0 bytes) @ 0x0000000002ba2ba6 [0x0000000002ba2b40+0x66]
J 567 C1 java.awt.EventQueue.dispatchEvent(Ljava/awt/AWTEvent;)V (80 bytes) @ 0x0000000002bab174 [0x0000000002baa340+0xe34]
J 569 C1 java.awt.EventDispatchThread.pumpOneEventForFilters(I)V (295 bytes) @ 0x0000000002bae274 [0x0000000002bac780+0x1af4]
j  java.awt.EventDispatchThread.pumpEventsForFilter(ILjava/awt/Conditional;Ljava/awt/EventFilter;)V+35
j  java.awt.EventDispatchThread.pumpEventsForHierarchy(ILjava/awt/Conditional;Ljava/awt/Component;)V+11
j  java.awt.EventDispatchThread.pumpEvents(ILjava/awt/Conditional;)V+4
j  java.awt.EventDispatchThread.pumpEvents(Ljava/awt/Conditional;)V+3
j  java.awt.EventDispatchThread.run()V+9
v  ~StubRoutines::call_stub

---------------  P R O C E S S  ---------------

Java Threads: ( => current thread )
  0x000000005741b000 JavaThread "DestroyJavaVM" [_thread_blocked, id=3892, stack(0x00000000025a0000,0x00000000026a0000)]
=>0x000000005741a000 JavaThread "AWT-EventQueue-0" [_thread_in_native, id=7548, stack(0x0000000058c10000,0x0000000058d10000)]
  0x0000000055f3c800 JavaThread "AWT-Windows" daemon [_thread_in_native, id=7624, stack(0x00000000567b0000,0x00000000568b0000)]
  0x0000000055f3a000 JavaThread "AWT-Shutdown" [_thread_blocked, id=6896, stack(0x0000000056a60000,0x0000000056b60000)]
  0x0000000055f2d000 JavaThread "Java2D Disposer" daemon [_thread_blocked, id=7280, stack(0x00000000568b0000,0x00000000569b0000)]
  0x0000000055c14800 JavaThread "Service Thread" daemon [_thread_blocked, id=7880, stack(0x0000000056330000,0x0000000056430000)]
  0x0000000055bec000 JavaThread "C1 CompilerThread2" daemon [_thread_blocked, id=3200, stack(0x00000000566a0000,0x00000000567a0000)]
  0x0000000055be9000 JavaThread "C2 CompilerThread1" daemon [_thread_blocked, id=6692, stack(0x0000000056470000,0x0000000056570000)]
  0x0000000055b98000 JavaThread "C2 CompilerThread0" daemon [_thread_blocked, id=7368, stack(0x0000000055970000,0x0000000055a70000)]
  0x0000000055b94800 JavaThread "Attach Listener" daemon [_thread_blocked, id=7720, stack(0x00000000561f0000,0x00000000562f0000)]
  0x00000000546a9800 JavaThread "Signal Dispatcher" daemon [_thread_blocked, id=5648, stack(0x0000000056060000,0x0000000056160000)]
  0x000000005468a800 JavaThread "Finalizer" daemon [_thread_blocked, id=6468, stack(0x0000000055a90000,0x0000000055b90000)]
  0x0000000054643800 JavaThread "Reference Handler" daemon [_thread_blocked, id=7416, stack(0x00000000557f0000,0x00000000558f0000)]

Other Threads:
  0x000000005463c000 VMThread [stack: 0x0000000055660000,0x0000000055760000] [id=7564]
  0x0000000055c19000 WatcherThread [stack: 0x0000000056570000,0x0000000056670000] [id=8036]

VM state:not at safepoint (normal execution)

VM Mutex/Monitor currently owned by a thread: None

Heap:
 PSYoungGen      total 13824K, used 11017K [0x00000000f0b80000, 0x00000000f1a80000, 0x0000000100000000)
  eden space 12288K, 89% used [0x00000000f0b80000,0x00000000f1642548,0x00000000f1780000)
  from space 1536K, 0% used [0x00000000f1900000,0x00000000f1900000,0x00000000f1a80000)
  to   space 1536K, 0% used [0x00000000f1780000,0x00000000f1780000,0x00000000f1900000)
 ParOldGen       total 31744K, used 0K [0x00000000d2200000, 0x00000000d4100000, 0x00000000f0b80000)
  object space 31744K, 0% used [0x00000000d2200000,0x00000000d2200000,0x00000000d4100000)
 Metaspace       used 11536K, capacity 11672K, committed 11904K, reserved 1060864K
  class space    used 1271K, capacity 1334K, committed 1408K, reserved 1048576K

Card table byte_map: [0x0000000011d30000,0x0000000011ea0000] byte_map_base: 0x000000001169f000

Marking Bits: (ParMarkBitMap*) 0x000000006d53a6c0
 Begin Bits: [0x0000000012450000, 0x0000000012fc8000)
 End Bits:   [0x0000000012fc8000, 0x0000000013b40000)

Polling page: 0x0000000000250000

CodeCache: size=245760Kb used=2612Kb max_used=2612Kb free=243147Kb
 bounds [0x0000000002970000, 0x0000000002c00000, 0x0000000011970000]
 total_blobs=1276 nmethods=634 adapters=556
 compilation: enabled

Compilation events (10 events):
Event: 5.961 Thread 0x0000000055bec000  630       3       java.util.concurrent.locks.AbstractQueuedSynchronizer$Node::predecessor (19 bytes)
Event: 5.961 Thread 0x0000000055bec000 nmethod 630 0x0000000002bfae50 code [0x0000000002bfafc0, 0x0000000002bfb208]
Event: 5.997 Thread 0x0000000055bec000  631   !   3       sun.awt.PostEventQueue::postEvent (81 bytes)
Event: 5.999 Thread 0x0000000055bec000 nmethod 631 0x0000000002bfb2d0 code [0x0000000002bfb4a0, 0x0000000002bfbdd8]
Event: 6.009 Thread 0x0000000055bec000  632   !   3       java.awt.EventQueue::wakeup (79 bytes)
Event: 6.010 Thread 0x0000000055bec000 nmethod 632 0x0000000002bfc250 code [0x0000000002bfc460, 0x0000000002bfccb8]
Event: 6.321 Thread 0x0000000055bec000  633       1       sun.util.locale.StringTokenIterator::isDone (5 bytes)
Event: 6.321 Thread 0x0000000055bec000 nmethod 633 0x0000000002bfd150 code [0x0000000002bfd2a0, 0x0000000002bfd3b0]
Event: 6.323 Thread 0x0000000055bec000  634       1       java.awt.RenderingHints$Key::intKey (5 bytes)
Event: 6.323 Thread 0x0000000055bec000 nmethod 634 0x0000000002bfd410 code [0x0000000002bfd560, 0x0000000002bfd670]

GC Heap History (0 events):
No events

Deoptimization events (0 events):
No events

Internal exceptions (10 events):
Event: 0.065 Thread 0x000000000220d800 Exception <a 'java/lang/NoSuchMethodError': Method sun.misc.Unsafe.defineClass(Ljava/lang/String;[BII)Ljava/lang/Class; name or signature does not match> (0x00000000f0b87c78) thrown at [C:\re\workspace\8-2-build-windows-amd64-cygwin\jdk8u102\7268\hotspot\sÅ
Õ˝å∞?
Event: 0.065 Thread 0x000000000220d800 Exception <a 'java/lang/NoSuchMethodError': Method sun.misc.Unsafe.prefetchRead(Ljava/lang/Object;J)V name or signature does not match> (0x00000000f0b87f60) thrown at [C:\re\workspace\8-2-build-windows-amd64-cygwin\jdk8u102\7268\hotspot\src\share\vm\prims\⁄√ËãqÃ?
Event: 0.222 Thread 0x000000000220d800 Exception <a 'java/security/PrivilegedActionException'> (0x00000000f0c78f18) thrown at [C:\re\workspace\8-2-build-windows-amd64-cygwin\jdk8u102\7268\hotspot\src\share\vm\prims\jvm.cpp, line 1386]
Event: 0.222 Thread 0x000000000220d800 Exception <a 'java/security/PrivilegedActionException'> (0x00000000f0c79128) thrown at [C:\re\workspace\8-2-build-windows-amd64-cygwin\jdk8u102\7268\hotspot\src\share\vm\prims\jvm.cpp, line 1386]
Event: 0.224 Thread 0x000000000220d800 Exception <a 'java/security/PrivilegedActionException'> (0x00000000f0c7d058) thrown at [C:\re\workspace\8-2-build-windows-amd64-cygwin\jdk8u102\7268\hotspot\src\share\vm\prims\jvm.cpp, line 1386]
Event: 0.224 Thread 0x000000000220d800 Exception <a 'java/security/PrivilegedActionException'> (0x00000000f0c7d268) thrown at [C:\re\workspace\8-2-build-windows-amd64-cygwin\jdk8u102\7268\hotspot\src\share\vm\prims\jvm.cpp, line 1386]
Event: 0.229 Thread 0x000000000220d800 Exception <a 'java/io/FileNotFoundException'> (0x00000000f0c7f6e0) thrown at [C:\re\workspace\8-2-build-windows-amd64-cygwin\jdk8u102\7268\hotspot\src\share\vm\prims\jni.cpp, line 709]
Event: 0.338 Thread 0x000000000220d800 Exception <a 'java/lang/NoSuchFieldError': method resolution failed> (0x00000000f0d4cf00) thrown at [C:\re\workspace\8-2-build-windows-amd64-cygwin\jdk8u102\7268\hotspot\src\share\vm\prims\methodHandles.cpp, line 1146]
Event: 0.344 Thread 0x000000000220d800 Exception <a 'java/lang/NoSuchFieldError': method resolution failed> (0x00000000f0d5a2a0) thrown at [C:\re\workspace\8-2-build-windows-amd64-cygwin\jdk8u102\7268\hotspot\src\share\vm\prims\methodHandles.cpp, line 1146]
Event: 0.423 Thread 0x000000000220d800 Exception <a 'java/io/FileNotFoundException'> (0x00000000f0dee778) thrown at [C:\re\workspace\8-2-build-windows-amd64-cygwin\jdk8u102\7268\hotspot\src\share\vm\prims\jni.cpp, line 709]

Events (10 events):
Event: 3.754 loading class java/awt/Toolkit$SelectiveAWTEventListener
Event: 3.754 loading class java/awt/Toolkit$SelectiveAWTEventListener done
Event: 3.754 loading class java/awt/Toolkit$ToolkitEventMulticaster
Event: 3.754 loading class java/awt/Toolkit$ToolkitEventMulticaster done
Event: 3.755 loading class javax/swing/event/ChangeEvent
Event: 3.755 loading class javax/swing/event/ChangeEvent done
Event: 3.763 loading class java/awt/LightweightDispatcher$2
Event: 3.764 loading class java/awt/LightweightDispatcher$2 done
Event: 4.200 Executing VM operation: EnableBiasedLocking
Event: 4.200 Executing VM operation: EnableBiasedLocking done


Dynamic libraries:
0x000000013f240000 - 0x000000013f277000 	C:\Program Files\Java\jdk1.8.0_102\bin\java.exe
0x0000000077b50000 - 0x0000000077cfa000 	C:\Windows\SYSTEM32\ntdll.dll
0x000007fef1830000 - 0x000007fef1864000 	C:\Program Files\AVAST Software\Avast\x64\aswhooka.dll
0x0000000077930000 - 0x0000000077a4f000 	C:\Windows\system32\kernel32.dll
0x000007fefd870000 - 0x000007fefd8da000 	C:\Windows\system32\KERNELBASE.dll
0x000007fefe540000 - 0x000007fefe61b000 	C:\Windows\system32\ADVAPI32.dll
0x000007fefedb0000 - 0x000007fefee4f000 	C:\Windows\system32\msvcrt.dll
0x000007fefe620000 - 0x000007fefe63f000 	C:\Windows\SYSTEM32\sechost.dll
0x000007fefe060000 - 0x000007fefe18d000 	C:\Windows\system32\RPCRT4.dll
0x0000000077a50000 - 0x0000000077b4a000 	C:\Windows\system32\USER32.dll
0x000007fefeb80000 - 0x000007fefebe7000 	C:\Windows\system32\GDI32.dll
0x000007fefdee0000 - 0x000007fefdeee000 	C:\Windows\system32\LPK.dll
0x000007fefdf90000 - 0x000007fefe05b000 	C:\Windows\system32\USP10.dll
0x000007fefbed0000 - 0x000007fefc0c4000 	C:\Windows\WinSxS\amd64_microsoft.windows.common-controls_6595b64144ccf1df_6.0.7601.18837_none_fa3b1e3d17594757\COMCTL32.dll
0x000007fefec10000 - 0x000007fefec81000 	C:\Windows\system32\SHLWAPI.dll
0x000007fefe4c0000 - 0x000007fefe4ee000 	C:\Windows\system32\IMM32.DLL
0x000007fefeca0000 - 0x000007fefeda9000 	C:\Windows\system32\MSCTF.dll
0x000000006f810000 - 0x000000006f8e1000 	C:\Program Files\Java\jdk1.8.0_102\jre\bin\msvcr100.dll
0x000000006cd20000 - 0x000000006d5ba000 	C:\Program Files\Java\jdk1.8.0_102\jre\bin\server\jvm.dll
0x000007fef43a0000 - 0x000007fef43a9000 	C:\Windows\system32\WSOCK32.dll
0x000007fefe4f0000 - 0x000007fefe53d000 	C:\Windows\system32\WS2_32.dll
0x000007fefec90000 - 0x000007fefec98000 	C:\Windows\system32\NSI.dll
0x000007fefb0a0000 - 0x000007fefb0db000 	C:\Windows\system32\WINMM.dll
0x000007fefc920000 - 0x000007fefc92c000 	C:\Windows\system32\VERSION.dll
0x0000000077d20000 - 0x0000000077d27000 	C:\Windows\system32\PSAPI.DLL
0x0000000075570000 - 0x000000007557f000 	C:\Program Files\Java\jdk1.8.0_102\jre\bin\verify.dll
0x0000000074d70000 - 0x0000000074d99000 	C:\Program Files\Java\jdk1.8.0_102\jre\bin\java.dll
0x0000000074720000 - 0x0000000074736000 	C:\Program Files\Java\jdk1.8.0_102\jre\bin\zip.dll
0x000007fefeef0000 - 0x000007feffc7a000 	C:\Windows\system32\SHELL32.dll
0x000007fefdce0000 - 0x000007fefdedc000 	C:\Windows\system32\ole32.dll
0x000007fefd840000 - 0x000007fefd84f000 	C:\Windows\system32\profapi.dll
0x000000006f470000 - 0x000000006f608000 	C:\Program Files\Java\jdk1.8.0_102\jre\bin\awt.dll
0x000007fefdc00000 - 0x000007fefdcda000 	C:\Windows\system32\OLEAUT32.dll
0x000007fefb680000 - 0x000007fefb698000 	C:\Windows\system32\DWMAPI.DLL
0x000007fefbe20000 - 0x000007fefbe76000 	C:\Windows\system32\uxtheme.dll
0x000007fefd6e0000 - 0x000007fefd6ef000 	C:\Windows\system32\CRYPTBASE.dll
0x000007fef44b0000 - 0x000007fef44c9000 	C:\Program Files (x86)\Smadav\SmadHook64.dll
0x0000000002150000 - 0x00000000021aa000 	C:\JOGLwin\lib64\jogl.dll
0x000007fef0a90000 - 0x000007fef0bad000 	C:\Windows\system32\OPENGL32.dll
0x000007fef3220000 - 0x000007fef324d000 	C:\Windows\system32\GLU32.dll
0x000007fef0990000 - 0x000007fef0a81000 	C:\Windows\system32\DDRAW.dll
0x000007fefb390000 - 0x000007fefb398000 	C:\Windows\system32\DCIMAN32.dll
0x000007feffc80000 - 0x000007feffe57000 	C:\Windows\system32\SETUPAPI.dll
0x000007fefdab0000 - 0x000007fefdae6000 	C:\Windows\system32\CFGMGR32.dll
0x000007fefdba0000 - 0x000007fefdbba000 	C:\Windows\system32\DEVOBJ.dll
0x000000006f2d0000 - 0x000000006f399000 	C:\Windows\WinSxS\amd64_microsoft.vc80.crt_1fc8b3b9a1e18e3b_8.0.50727.4940_none_88df89932faf0bf6\MSVCR80.dll
0x0000000071870000 - 0x00000000718b7000 	C:\Program Files\Java\jdk1.8.0_102\jre\bin\fontmanager.dll
0x00000000718e0000 - 0x00000000718fa000 	C:\Program Files\Java\jdk1.8.0_102\jre\bin\net.dll
0x000007fefd010000 - 0x000007fefd065000 	C:\Windows\system32\mswsock.dll
0x000007fefd000000 - 0x000007fefd007000 	C:\Windows\System32\wship6.dll
0x00000000718c0000 - 0x00000000718d1000 	C:\Program Files\Java\jdk1.8.0_102\jre\bin\nio.dll
0x000000006f980000 - 0x000000006f9c2000 	C:\Program Files\Java\jdk1.8.0_102\jre\bin\t2k.dll
0x00000000749d0000 - 0x00000000749d7000 	C:\Program Files\Java\jdk1.8.0_102\jre\bin\jawt.dll
0x0000000001d30000 - 0x0000000001d37000 	C:\JOGLwin\lib64\jogl_awt.dll
0x0000000180000000 - 0x00000001811f2000 	C:\Windows\system32\ig4icd64.dll
0x000007fef40a0000 - 0x000007fef41c5000 	C:\Windows\system32\dbghelp.dll

VM Arguments:
jvm_args: -Dfile.encoding=UTF-8 -Djava.library.path=C:\JOGLwin\lib64 
java_command: lab5programs.SimplePaint
java_class_path (initial): C:\JOGLwin\lib32\gluegen-rt.jar;C:\JOGLwin\lib32\jogl.jar;C:\JOGLwin\lib64\gluegen-rt.jar;C:\JOGLwin\lib64\jogl.jar;D:\Science\Recent Term\(CS304)Computer Graphics\lab5\lab5programs\build\classes
Launcher Type: SUN_STANDARD

Environment Variables:
PATH=C:\ProgramData\Oracle\Java\javapath;C:\Windows\system32;C:\Windows;C:\Windows\System32\Wbem;C:\Windows\System32\WindowsPowerShell\v1.0\;C:\Program Files (x86)\Skype\Phone\
USERNAME=Moh
OS=Windows_NT
PROCESSOR_IDENTIFIER=Intel64 Family 6 Model 37 Stepping 2, GenuineIntel



---------------  S Y S T E M  ---------------

OS: Windows 7 , 64 bit Build 7601 (6.1.7601.23915)

CPU:total 4 (2 cores per cpu, 2 threads per core) family 6 model 37 stepping 2, cmov, cx8, fxsr, mmx, sse, sse2, sse3, ssse3, sse4.1, sse4.2, popcnt, ht, tsc, tscinvbit

Memory: 4k page, physical 3004272k(897604k free), swap 6006684k(3713276k free)

vm_info: Java HotSpot(TM) 64-Bit Server VM (25.102-b14) for windows-amd64 JRE (1.8.0_102-b14), built on Jun 22 2016 13:15:21 by "java_re" with MS VC++ 10.0 (VS2010)

time: Fri Nov 24 15:52:39 2017
elapsed time: 6 seconds (0d 0h 0m 6s)

