#
# A fatal error has been detected by the Java Runtime Environment:
#
#  EXCEPTION_ACCESS_VIOLATION (0xc0000005) at pc=0x0000000180011f62, pid=5324, tid=0x0000000000001838
#
# JRE version: Java(TM) SE Runtime Environment (8.0_102-b14) (build 1.8.0_102-b14)
# Java VM: Java HotSpot(TM) 64-Bit Server VM (25.102-b14 mixed mode windows-amd64 compressed oops)
# Problematic frame:
# C  [ig4icd64.dll+0x11f62]
#
# Failed to write core dump. Minidumps are not enabled by default on client versions of Windows
#
# If you would like to submit a bug report, please visit:
#   http://bugreport.java.com/bugreport/crash.jsp
# The crash happened outside the Java Virtual Machine in native code.
# See problematic frame for where to report the bug.
#

---------------  T H R E A D  ---------------

Current thread (0x000000005682f800):  JavaThread "AWT-EventQueue-0" [_thread_in_native, id=6200, stack(0x0000000058c30000,0x0000000058d30000)]

siginfo: ExceptionCode=0xc0000005, reading address 0x000000015b195cb0

Registers:
RAX=0x00000000fffffff0, RBX=0x0000000059f0cca0, RCX=0x000000005b195cc0, RDX=0x000000015b195cb0
RSP=0x0000000058d2ce80, RBP=0x000000015b195cb0, RSI=0x0000000000000000, RDI=0x0000000059f0ba30
R8 =0x0000000000000010, R9 =0x0000000000000000, R10=0x0000000000000000, R11=0x0000000000000001
R12=0x0000000059f0dd60, R13=0x0000000000000000, R14=0x0000000000000001, R15=0x0000000059f0ba30
RIP=0x0000000180011f62, EFLAGS=0x0000000000010202

Top of Stack: (sp=0x0000000058d2ce80)
0x0000000058d2ce80:   0000000000000000 0000000000000000
0x0000000058d2ce90:   0000000000000000 0000000000000000
0x0000000058d2cea0:   0000000000000000 0000000000000000
0x0000000058d2ceb0:   0000000000000000 0000000000000000
0x0000000058d2cec0:   0000000000000003 000000018009f2c8
0x0000000058d2ced0:   0000000059f00080 0000000058d2cf40
0x0000000058d2cee0:   0000000000000000 00000000685ecc73
0x0000000058d2cef0:   0000000058d2cf68 0000000059f0cca0
0x0000000058d2cf00:   000000005682f800 0000000000000003
0x0000000058d2cf10:   0000000000000000 0000000000000003
0x0000000058d2cf20:   0000000000080038 0000000059f00080
0x0000000058d2cf30:   000000005682f800 0000000058d2d0c0
0x0000000058d2cf40:   000000015f90e003 000000018009fd92
0x0000000058d2cf50:   0000000059f00080 00000000ffffffff
0x0000000058d2cf60:   0000000000000001 00000000ffffffff
0x0000000058d2cf70:   0000000000000000 000000018083f258 

Instructions: (pc=0x0000000180011f62)
0x0000000180011f42:   00 49 81 f8 80 00 00 00 73 37 45 33 c9 4d 8b d8
0x0000000180011f52:   49 c1 eb 04 45 8b d1 4d 85 db 0f 84 24 02 00 00
0x0000000180011f62:   f3 0f 6f 02 41 ff c2 48 83 c1 10 41 8b c2 48 83
0x0000000180011f72:   c2 10 f3 0f 7f 41 f0 49 3b c3 72 e4 e9 03 02 00 


Register to memory mapping:

RAX=0x00000000fffffff0 is an unallocated location in the heap
RBX=0x0000000059f0cca0 is an unknown value
RCX=0x000000005b195cc0 is an unknown value
RDX=0x000000015b195cb0 is an unknown value
RSP=0x0000000058d2ce80 is pointing into the stack for thread: 0x000000005682f800
RBP=0x000000015b195cb0 is an unknown value
RSI=0x0000000000000000 is an unknown value
RDI=0x0000000059f0ba30 is an unknown value
R8 =0x0000000000000010 is an unknown value
R9 =0x0000000000000000 is an unknown value
R10=0x0000000000000000 is an unknown value
R11=0x0000000000000001 is an unknown value
R12=0x0000000059f0dd60 is an unknown value
R13=0x0000000000000000 is an unknown value
R14=0x0000000000000001 is an unknown value
R15=0x0000000059f0ba30 is an unknown value


Stack: [0x0000000058c30000,0x0000000058d30000],  sp=0x0000000058d2ce80,  free space=1011k
Native frames: (J=compiled Java code, j=interpreted, Vv=VM code, C=native code)
C  [ig4icd64.dll+0x11f62]
C  [ig4icd64.dll+0x9f2c8]
C  [ig4icd64.dll+0x9fd92]
C  [ig4icd64.dll+0x83f258]
C  [ig4icd64.dll+0x95914]
C  [jogl.dll+0x22cd]
C  0x0000000002815c54

Java frames: (J=compiled Java code, j=interpreted, Vv=VM code)
j  com.sun.opengl.impl.GLImpl.glBegin0(I)V+0
j  com.sun.opengl.impl.GLImpl.glBegin(I)V+7
j  lab5programs.paintGLEventListener.display(Ljavax/media/opengl/GLAutoDrawable;)V+27
j  com.sun.opengl.impl.GLDrawableHelper.display(Ljavax/media/opengl/GLAutoDrawable;)V+29
j  javax.media.opengl.GLCanvas$DisplayAction.run()V+80
j  com.sun.opengl.impl.GLDrawableHelper.invokeGL(Ljavax/media/opengl/GLDrawable;Ljavax/media/opengl/GLContext;Ljava/lang/Runnable;Ljava/lang/Runnable;)V+418
j  javax.media.opengl.GLCanvas.maybeDoSingleThreadedWorkaround(Ljava/lang/Runnable;Ljava/lang/Runnable;)V+36
j  javax.media.opengl.GLCanvas.display()V+9
j  javax.media.opengl.GLCanvas.paint(Ljava/awt/Graphics;)V+125
j  sun.awt.RepaintArea.paintComponent(Ljava/awt/Component;Ljava/awt/Graphics;)V+6
j  sun.awt.RepaintArea.paint(Ljava/lang/Object;Z)V+326
j  sun.awt.windows.WComponentPeer.handleEvent(Ljava/awt/AWTEvent;)V+155
j  java.awt.Component.dispatchEventImpl(Ljava/awt/AWTEvent;)V+877
j  java.awt.Component.dispatchEvent(Ljava/awt/AWTEvent;)V+2
j  java.awt.EventQueue.dispatchEventImpl(Ljava/awt/AWTEvent;Ljava/lang/Object;)V+41
j  java.awt.EventQueue.access$500(Ljava/awt/EventQueue;Ljava/awt/AWTEvent;Ljava/lang/Object;)V+3
j  java.awt.EventQueue$3.run()Ljava/lang/Void;+32
j  java.awt.EventQueue$3.run()Ljava/lang/Object;+1
v  ~StubRoutines::call_stub
J 570  java.security.AccessController.doPrivileged(Ljava/security/PrivilegedAction;Ljava/security/AccessControlContext;)Ljava/lang/Object; (0 bytes) @ 0x0000000002a46de6 [0x0000000002a46d80+0x66]
J 571 C1 java.security.ProtectionDomain$JavaSecurityAccessImpl.doIntersectionPrivilege(Ljava/security/PrivilegedAction;Ljava/security/AccessControlContext;Ljava/security/AccessControlContext;)Ljava/lang/Object; (22 bytes) @ 0x0000000002a4a594 [0x0000000002a4a140+0x454]
j  java.security.ProtectionDomain$JavaSecurityAccessImpl.doIntersectionPrivilege(Ljava/security/PrivilegedAction;Ljava/security/AccessControlContext;)Ljava/lang/Object;+6
j  java.awt.EventQueue$4.run()Ljava/lang/Void;+11
j  java.awt.EventQueue$4.run()Ljava/lang/Object;+1
v  ~StubRoutines::call_stub
J 570  java.security.AccessController.doPrivileged(Ljava/security/PrivilegedAction;Ljava/security/AccessControlContext;)Ljava/lang/Object; (0 bytes) @ 0x0000000002a46de6 [0x0000000002a46d80+0x66]
J 571 C1 java.security.ProtectionDomain$JavaSecurityAccessImpl.doIntersectionPrivilege(Ljava/security/PrivilegedAction;Ljava/security/AccessControlContext;Ljava/security/AccessControlContext;)Ljava/lang/Object; (22 bytes) @ 0x0000000002a4a594 [0x0000000002a4a140+0x454]
j  java.awt.EventQueue.dispatchEvent(Ljava/awt/AWTEvent;)V+73
j  java.awt.EventDispatchThread.pumpOneEventForFilters(I)V+245
j  java.awt.EventDispatchThread.pumpEventsForFilter(ILjava/awt/Conditional;Ljava/awt/EventFilter;)V+35
j  java.awt.EventDispatchThread.pumpEventsForHierarchy(ILjava/awt/Conditional;Ljava/awt/Component;)V+11
j  java.awt.EventDispatchThread.pumpEvents(ILjava/awt/Conditional;)V+4
j  java.awt.EventDispatchThread.pumpEvents(Ljava/awt/Conditional;)V+3
j  java.awt.EventDispatchThread.run()V+9
v  ~StubRoutines::call_stub

---------------  P R O C E S S  ---------------

Java Threads: ( => current thread )
  0x0000000056830000 JavaThread "DestroyJavaVM" [_thread_blocked, id=4784, stack(0x0000000002340000,0x0000000002440000)]
=>0x000000005682f800 JavaThread "AWT-EventQueue-0" [_thread_in_native, id=6200, stack(0x0000000058c30000,0x0000000058d30000)]
  0x00000000566ca000 JavaThread "AWT-Windows" daemon [_thread_in_native, id=5476, stack(0x00000000571a0000,0x00000000572a0000)]
  0x00000000566c7000 JavaThread "AWT-Shutdown" [_thread_blocked, id=6548, stack(0x0000000057070000,0x0000000057170000)]
  0x0000000055d7c000 JavaThread "Java2D Disposer" daemon [_thread_blocked, id=5144, stack(0x0000000056ed0000,0x0000000056fd0000)]
  0x0000000055a15800 JavaThread "Service Thread" daemon [_thread_blocked, id=5004, stack(0x0000000056590000,0x0000000056690000)]
  0x00000000559fd000 JavaThread "C1 CompilerThread2" daemon [_thread_blocked, id=3584, stack(0x00000000562c0000,0x00000000563c0000)]
  0x00000000559fc800 JavaThread "C2 CompilerThread1" daemon [_thread_blocked, id=3708, stack(0x00000000561c0000,0x00000000562c0000)]
  0x00000000559a8000 JavaThread "C2 CompilerThread0" daemon [_thread_blocked, id=4260, stack(0x0000000055e10000,0x0000000055f10000)]
  0x00000000559a4800 JavaThread "Attach Listener" daemon [_thread_blocked, id=6892, stack(0x00000000560c0000,0x00000000561c0000)]
  0x00000000547d9800 JavaThread "Signal Dispatcher" daemon [_thread_blocked, id=3612, stack(0x0000000055f30000,0x0000000056030000)]
  0x00000000547bb000 JavaThread "Finalizer" daemon [_thread_blocked, id=5072, stack(0x00000000555b0000,0x00000000556b0000)]
  0x0000000054773800 JavaThread "Reference Handler" daemon [_thread_blocked, id=5356, stack(0x00000000558a0000,0x00000000559a0000)]

Other Threads:
  0x000000005476c000 VMThread [stack: 0x00000000556d0000,0x00000000557d0000] [id=6788]
  0x0000000055a52800 WatcherThread [stack: 0x0000000056490000,0x0000000056590000] [id=6680]

VM state:not at safepoint (normal execution)

VM Mutex/Monitor currently owned by a thread: None

Heap:
 PSYoungGen      total 13824K, used 2616K [0x00000000f0b80000, 0x00000000f1a80000, 0x0000000100000000)
  eden space 12288K, 9% used [0x00000000f0b80000,0x00000000f0c96180,0x00000000f1780000)
  from space 1536K, 97% used [0x00000000f1780000,0x00000000f18f8020,0x00000000f1900000)
  to   space 1536K, 0% used [0x00000000f1900000,0x00000000f1900000,0x00000000f1a80000)
 ParOldGen       total 31744K, used 3752K [0x00000000d2200000, 0x00000000d4100000, 0x00000000f0b80000)
  object space 31744K, 11% used [0x00000000d2200000,0x00000000d25aa3a0,0x00000000d4100000)
 Metaspace       used 11346K, capacity 11522K, committed 11904K, reserved 1060864K
  class space    used 1262K, capacity 1333K, committed 1408K, reserved 1048576K

Card table byte_map: [0x0000000011bc0000,0x0000000011d30000] byte_map_base: 0x000000001152f000

Marking Bits: (ParMarkBitMap*) 0x0000000068c8a6c0
 Begin Bits: [0x00000000126f0000, 0x0000000013268000)
 End Bits:   [0x0000000013268000, 0x0000000013de0000)

Polling page: 0x0000000000250000

CodeCache: size=245760Kb used=2339Kb max_used=2339Kb free=243420Kb
 bounds [0x0000000002800000, 0x0000000002a70000, 0x0000000011800000]
 total_blobs=1213 nmethods=573 adapters=554
 compilation: enabled

Compilation events (10 events):
Event: 2.883 Thread 0x00000000559fd000  568       1       java.awt.EventDispatchThread$1::evaluate (2 bytes)
Event: 2.883 Thread 0x00000000559fd000 nmethod 568 0x0000000002a45a10 code [0x0000000002a45b60, 0x0000000002a45c70]
Event: 2.883 Thread 0x00000000559fd000  569  s    1       java.awt.EventDispatchThread::getEventQueue (5 bytes)
Event: 2.884 Thread 0x00000000559fd000 nmethod 569 0x0000000002a46fd0 code [0x0000000002a47120, 0x0000000002a47390]
Event: 3.959 Thread 0x00000000559fd000  571       3       java.security.ProtectionDomain$JavaSecurityAccessImpl::doIntersectionPrivilege (22 bytes)
Event: 3.960 Thread 0x00000000559fd000 nmethod 571 0x0000000002a49f90 code [0x0000000002a4a140, 0x0000000002a4a7d8]
Event: 3.960 Thread 0x00000000559fd000  572       3       java.security.ProtectionDomain$JavaSecurityAccessImpl::getCombinedACC (30 bytes)
Event: 3.961 Thread 0x00000000559fd000 nmethod 572 0x0000000002a49750 code [0x0000000002a498e0, 0x0000000002a49dd8]
Event: 3.961 Thread 0x00000000559fd000  573       3       java.security.AccessControlContext::<init> (30 bytes)
Event: 3.961 Thread 0x00000000559fd000 nmethod 573 0x0000000002a49350 code [0x0000000002a494a0, 0x0000000002a49690]

GC Heap History (2 events):
Event: 2.508 GC heap before
{Heap before GC invocations=1 (full 0):
 PSYoungGen      total 13824K, used 12288K [0x00000000f0b80000, 0x00000000f1a80000, 0x0000000100000000)
  eden space 12288K, 100% used [0x00000000f0b80000,0x00000000f1780000,0x00000000f1780000)
  from space 1536K, 0% used [0x00000000f1900000,0x00000000f1900000,0x00000000f1a80000)
  to   space 1536K, 0% used [0x00000000f1780000,0x00000000f1780000,0x00000000f1900000)
 ParOldGen       total 31744K, used 0K [0x00000000d2200000, 0x00000000d4100000, 0x00000000f0b80000)
  object space 31744K, 0% used [0x00000000d2200000,0x00000000d2200000,0x00000000d4100000)
 Metaspace       used 11337K, capacity 11458K, committed 11648K, reserved 1058816K
  class space    used 1262K, capacity 1333K, committed 1408K, reserved 1048576K
Event: 2.520 GC heap after
Heap after GC invocations=1 (full 0):
 PSYoungGen      total 13824K, used 1504K [0x00000000f0b80000, 0x00000000f1a80000, 0x0000000100000000)
  eden space 12288K, 0% used [0x00000000f0b80000,0x00000000f0b80000,0x00000000f1780000)
  from space 1536K, 97% used [0x00000000f1780000,0x00000000f18f8020,0x00000000f1900000)
  to   space 1536K, 0% used [0x00000000f1900000,0x00000000f1900000,0x00000000f1a80000)
 ParOldGen       total 31744K, used 3752K [0x00000000d2200000, 0x00000000d4100000, 0x00000000f0b80000)
  object space 31744K, 11% used [0x00000000d2200000,0x00000000d25aa3a0,0x00000000d4100000)
 Metaspace       used 11337K, capacity 11458K, committed 11648K, reserved 1058816K
  class space    used 1262K, capacity 1333K, committed 1408K, reserved 1048576K
}

Deoptimization events (0 events):
No events

Internal exceptions (10 events):
Event: 2.819 Thread 0x000000005682f800 Exception <a 'java/lang/NullPointerException'> (0x00000000f0c6eb20) thrown at [C:\re\workspace\8-2-build-windows-amd64-cygwin\jdk8u102\7268\hotspot\src\share\vm\interpreter\linkResolver.cpp, line 1178]
Event: 2.819 Thread 0x000000005682f800 Exception <a 'java/lang/NullPointerException'> (0x00000000f0c6eb20) thrown at [C:\re\workspace\8-2-build-windows-amd64-cygwin\jdk8u102\7268\hotspot\src\share\vm\prims\jvm.cpp, line 1390]
Event: 2.819 Thread 0x000000005682f800 Exception <a 'java/lang/NullPointerException'> (0x00000000f0c6eb20) thrown at [C:\re\workspace\8-2-build-windows-amd64-cygwin\jdk8u102\7268\hotspot\src\share\vm\prims\jvm.cpp, line 1390]
Event: 2.843 Thread 0x000000005682f800 Exception <a 'java/lang/NullPointerException'> (0x00000000f0c768e0) thrown at [C:\re\workspace\8-2-build-windows-amd64-cygwin\jdk8u102\7268\hotspot\src\share\vm\interpreter\linkResolver.cpp, line 1178]
Event: 2.843 Thread 0x000000005682f800 Exception <a 'java/lang/NullPointerException'> (0x00000000f0c768e0) thrown at [C:\re\workspace\8-2-build-windows-amd64-cygwin\jdk8u102\7268\hotspot\src\share\vm\prims\jvm.cpp, line 1390]
Event: 2.843 Thread 0x000000005682f800 Exception <a 'java/lang/NullPointerException'> (0x00000000f0c768e0) thrown at [C:\re\workspace\8-2-build-windows-amd64-cygwin\jdk8u102\7268\hotspot\src\share\vm\prims\jvm.cpp, line 1390]
Event: 2.863 Thread 0x000000005682f800 Exception <a 'java/lang/NullPointerException'> (0x00000000f0c7e6a0) thrown at [C:\re\workspace\8-2-build-windows-amd64-cygwin\jdk8u102\7268\hotspot\src\share\vm\prims\jvm.cpp, line 1390]
Event: 2.863 Thread 0x000000005682f800 Exception <a 'java/lang/NullPointerException'> (0x00000000f0c7e6a0) thrown at [C:\re\workspace\8-2-build-windows-amd64-cygwin\jdk8u102\7268\hotspot\src\share\vm\prims\jvm.cpp, line 1390]
Event: 4.165 Thread 0x000000005682f800 Exception <a 'java/lang/NullPointerException'> (0x00000000f0c87af0) thrown at [C:\re\workspace\8-2-build-windows-amd64-cygwin\jdk8u102\7268\hotspot\src\share\vm\prims\jvm.cpp, line 1390]
Event: 4.165 Thread 0x000000005682f800 Exception <a 'java/lang/NullPointerException'> (0x00000000f0c87af0) thrown at [C:\re\workspace\8-2-build-windows-amd64-cygwin\jdk8u102\7268\hotspot\src\share\vm\prims\jvm.cpp, line 1390]

Events (10 events):
Event: 0.863 loading class java/util/concurrent/locks/LockSupport
Event: 0.863 loading class java/util/concurrent/locks/LockSupport done
Event: 1.237 loading class java/lang/Throwable$WrappedPrintStream
Event: 1.237 loading class java/lang/Throwable$PrintStreamOrWriter
Event: 1.238 loading class java/lang/Throwable$PrintStreamOrWriter done
Event: 1.238 loading class java/lang/Throwable$WrappedPrintStream done
Event: 2.508 Executing VM operation: ParallelGCFailedAllocation
Event: 2.520 Executing VM operation: ParallelGCFailedAllocation done
Event: 4.279 Executing VM operation: EnableBiasedLocking
Event: 4.279 Executing VM operation: EnableBiasedLocking done


Dynamic libraries:
0x000000013fca0000 - 0x000000013fcd7000 	C:\Program Files\Java\jdk1.8.0_102\bin\java.exe
0x0000000077950000 - 0x0000000077afa000 	C:\Windows\SYSTEM32\ntdll.dll
0x000007fef03e0000 - 0x000007fef0414000 	C:\Program Files\AVAST Software\Avast\x64\aswhooka.dll
0x0000000077830000 - 0x000000007794f000 	C:\Windows\system32\kernel32.dll
0x000007fefd980000 - 0x000007fefd9ea000 	C:\Windows\system32\KERNELBASE.dll
0x000007fefdb10000 - 0x000007fefdbeb000 	C:\Windows\system32\ADVAPI32.dll
0x000007fefe990000 - 0x000007fefea2f000 	C:\Windows\system32\msvcrt.dll
0x000007feffa30000 - 0x000007feffa4f000 	C:\Windows\SYSTEM32\sechost.dll
0x000007feffa50000 - 0x000007feffb7d000 	C:\Windows\system32\RPCRT4.dll
0x0000000077730000 - 0x000000007782a000 	C:\Windows\system32\USER32.dll
0x000007fefec10000 - 0x000007fefec77000 	C:\Windows\system32\GDI32.dll
0x000007fefef70000 - 0x000007fefef7e000 	C:\Windows\system32\LPK.dll
0x000007feff280000 - 0x000007feff34b000 	C:\Windows\system32\USP10.dll
0x000007fefc060000 - 0x000007fefc254000 	C:\Windows\WinSxS\amd64_microsoft.windows.common-controls_6595b64144ccf1df_6.0.7601.18837_none_fa3b1e3d17594757\COMCTL32.dll
0x000007feff680000 - 0x000007feff6f1000 	C:\Windows\system32\SHLWAPI.dll
0x000007feff250000 - 0x000007feff27e000 	C:\Windows\system32\IMM32.DLL
0x000007fefda00000 - 0x000007fefdb09000 	C:\Windows\system32\MSCTF.dll
0x000000006f440000 - 0x000000006f511000 	C:\Program Files\Java\jdk1.8.0_102\jre\bin\msvcr100.dll
0x0000000068470000 - 0x0000000068d0a000 	C:\Program Files\Java\jdk1.8.0_102\jre\bin\server\jvm.dll
0x000007fefaec0000 - 0x000007fefaec9000 	C:\Windows\system32\WSOCK32.dll
0x000007fefed20000 - 0x000007fefed6d000 	C:\Windows\system32\WS2_32.dll
0x000007fefdbf0000 - 0x000007fefdbf8000 	C:\Windows\system32\NSI.dll
0x000007fefb050000 - 0x000007fefb08b000 	C:\Windows\system32\WINMM.dll
0x000007fefc720000 - 0x000007fefc72c000 	C:\Windows\system32\VERSION.dll
0x0000000077b10000 - 0x0000000077b17000 	C:\Windows\system32\PSAPI.DLL
0x0000000074f60000 - 0x0000000074f6f000 	C:\Program Files\Java\jdk1.8.0_102\jre\bin\verify.dll
0x00000000741e0000 - 0x0000000074209000 	C:\Program Files\Java\jdk1.8.0_102\jre\bin\java.dll
0x0000000074550000 - 0x0000000074566000 	C:\Program Files\Java\jdk1.8.0_102\jre\bin\zip.dll
0x000007fefdc00000 - 0x000007fefe98a000 	C:\Windows\system32\SHELL32.dll
0x000007fefed70000 - 0x000007fefef6c000 	C:\Windows\system32\ole32.dll
0x000007fefd650000 - 0x000007fefd65f000 	C:\Windows\system32\profapi.dll
0x00000000709c0000 - 0x0000000070b58000 	C:\Program Files\Java\jdk1.8.0_102\jre\bin\awt.dll
0x000007feffb80000 - 0x000007feffc5a000 	C:\Windows\system32\OLEAUT32.dll
0x000007fefb840000 - 0x000007fefb858000 	C:\Windows\system32\DWMAPI.DLL
0x000007fefbd70000 - 0x000007fefbdc6000 	C:\Windows\system32\uxtheme.dll
0x000007fefd4e0000 - 0x000007fefd4ef000 	C:\Windows\system32\CRYPTBASE.dll
0x000007fef48a0000 - 0x000007fef48b9000 	C:\Program Files (x86)\Smadav\SmadHook64.dll
0x0000000002440000 - 0x000000000249a000 	C:\JOGLwin\lib64\jogl.dll
0x000007feeebc0000 - 0x000007feeecdd000 	C:\Windows\system32\OPENGL32.dll
0x000007fef5470000 - 0x000007fef549d000 	C:\Windows\system32\GLU32.dll
0x000007fef08d0000 - 0x000007fef09c1000 	C:\Windows\system32\DDRAW.dll
0x000007fef6b60000 - 0x000007fef6b68000 	C:\Windows\system32\DCIMAN32.dll
0x000007fefea30000 - 0x000007fefec07000 	C:\Windows\system32\SETUPAPI.dll
0x000007fefd710000 - 0x000007fefd746000 	C:\Windows\system32\CFGMGR32.dll
0x000007fefd930000 - 0x000007fefd94a000 	C:\Windows\system32\DEVOBJ.dll
0x0000000061e30000 - 0x0000000061ef9000 	C:\Windows\WinSxS\amd64_microsoft.vc80.crt_1fc8b3b9a1e18e3b_8.0.50727.4940_none_88df89932faf0bf6\MSVCR80.dll
0x0000000073fb0000 - 0x0000000073ff7000 	C:\Program Files\Java\jdk1.8.0_102\jre\bin\fontmanager.dll
0x0000000074140000 - 0x000000007415a000 	C:\Program Files\Java\jdk1.8.0_102\jre\bin\net.dll
0x000007fefcdd0000 - 0x000007fefce25000 	C:\Windows\system32\mswsock.dll
0x000007fefcdc0000 - 0x000007fefcdc7000 	C:\Windows\System32\wship6.dll
0x0000000074000000 - 0x0000000074011000 	C:\Program Files\Java\jdk1.8.0_102\jre\bin\nio.dll
0x0000000070920000 - 0x0000000070962000 	C:\Program Files\Java\jdk1.8.0_102\jre\bin\t2k.dll
0x0000000070910000 - 0x0000000070917000 	C:\Program Files\Java\jdk1.8.0_102\jre\bin\jawt.dll
0x0000000002310000 - 0x0000000002317000 	C:\JOGLwin\lib64\jogl_awt.dll
0x0000000180000000 - 0x00000001811f2000 	C:\Windows\system32\ig4icd64.dll
0x000007fef5f00000 - 0x000007fef6025000 	C:\Windows\system32\dbghelp.dll

VM Arguments:
jvm_args: -Dfile.encoding=UTF-8 -Djava.library.path=C:\JOGLwin\lib64 
java_command: lab5programs.paint
java_class_path (initial): C:\JOGLwin\lib32\gluegen-rt.jar;C:\JOGLwin\lib32\jogl.jar;C:\JOGLwin\lib64\gluegen-rt.jar;C:\JOGLwin\lib64\jogl.jar;D:\Science\Recent Term\(CS304)Computer Graphics\lab5\lab5programs\build\classes
Launcher Type: SUN_STANDARD

Environment Variables:
PATH=C:\ProgramData\Oracle\Java\javapath;C:\Windows\system32;C:\Windows;C:\Windows\System32\Wbem;C:\Windows\System32\WindowsPowerShell\v1.0\;C:\Program Files (x86)\Skype\Phone\
USERNAME=Moh
OS=Windows_NT
PROCESSOR_IDENTIFIER=Intel64 Family 6 Model 37 Stepping 2, GenuineIntel



---------------  S Y S T E M  ---------------

OS: Windows 7 , 64 bit Build 7601 (6.1.7601.23915)

CPU:total 4 (2 cores per cpu, 2 threads per core) family 6 model 37 stepping 2, cmov, cx8, fxsr, mmx, sse, sse2, sse3, ssse3, sse4.1, sse4.2, popcnt, ht, tsc, tscinvbit

Memory: 4k page, physical 3004272k(464492k free), swap 6006684k(1825216k free)

vm_info: Java HotSpot(TM) 64-Bit Server VM (25.102-b14) for windows-amd64 JRE (1.8.0_102-b14), built on Jun 22 2016 13:15:21 by "java_re" with MS VC++ 10.0 (VS2010)

time: Sat Nov 18 17:26:27 2017
elapsed time: 4 seconds (0d 0h 0m 4s)

